INFO  09:14:47,201 [saros-sound] (SoundPlayer.java:59) Starting Saros 16.0.1 running:
  Java Version: 11.0.7
  Java Vendor: Oracle Corporation
  Eclipse Runtime Version: 3.18.0.v20200506-2143
  Operating System: Linux (5.4.0-45-generic)
  Hardware Architecture: amd64
INFO  09:14:47,231 [saros-sound] (SoundPlayer.java:59) initializing context...
INFO  09:14:47,646 [saros-sound] (SoundPlayer.java:59) initializing preference default values
INFO  09:14:47,699 [saros-sound] (SoundPlayer.java:59) successfully initialized context
ERROR 09:58:05,478 [saros-sound] (SoundPlayer.java:59) could not access sound system
java.lang.IllegalArgumentException: No line matching interface SourceDataLine supporting format PCM_SIGNED 11025.0 Hz, 16 bit, mono, 2 bytes/frame, little-endian is supported.
	at java.desktop/javax.sound.sampled.AudioSystem.getLine(AudioSystem.java:425)
	at saros.misc.sound.SoundPlayer.playSound(SoundPlayer.java:52)
	at saros.ui.sounds.SoundPlayer$1.run(SoundPlayer.java:40)
	at saros.util.ThreadUtils$1.run(ThreadUtils.java:34)
	at java.base/java.lang.Thread.run(Thread.java:834)
INFO  09:58:46,956 [Smack Listener Processor (0)] (SingleUserChatService.java:80) chat created between alexlu07@saros-con.imp.fu-berlin.de/Saros <->jk1452@saros-con.imp.fu-berlin.de/Saros, created local: false
INFO  09:59:06,548 [saros-DispatchContext] (NegotiationPacketListener.java:227) received invitation from jk1452@saros-con.imp.fu-berlin.de/Saros [negotiation id: 4653115357444397584, session id: 1221334124, version: 16.0.1]
INFO  10:03:22,758 [ModalContext] (SarosSessionManager.java:288) joined uninitialized Saros session
INFO  10:03:22,758 [ModalContext] (DataTransferManager.java:269) establishing connection to jk1452@saros-con.imp.fu-berlin.de/Saros from alexlu07@saros-con.imp.fu-berlin.de/Saros using stream service XMPP-Socks5-Stream-Service
DEBUG 10:03:32,681 [Smack Listener Processor (0)] (MultiUserChatStateManager.java:98) Incoming Message from saros_1221334124@conference.saros-con.imp.fu-berlin.de/alexlu07@saros-con.imp.fu-berlin.de/Saros with state: active
INFO  10:03:32,870 [saros-DispatchContext] (NegotiationPacketListener.java:310) received project negotiation from jk1452@saros-con.imp.fu-berlin.de/Saros with negotiation id: -6177811043486132958
INFO  10:04:29,112 [saros-DispatchContext] (SarosSession.java:389) user jk1452@saros-con.imp.fu-berlin.de/Saros now has Projects and can process IResourceActivities
ERROR 10:19:59,942 [saros-client-network-watchdog] (ClientSessionTimeoutHandler.java:77) no ping received, reached timeout = 300000
INFO  10:19:59,952 [saros-kill-session-rx] (SarosSessionManager.java:332) session stopped
ERROR 12:33:50,894 [saros-sound] (SoundPlayer.java:59) could not access sound system
java.lang.IllegalArgumentException: No line matching interface SourceDataLine supporting format PCM_SIGNED 11025.0 Hz, 16 bit, mono, 2 bytes/frame, little-endian is supported.
	at java.desktop/javax.sound.sampled.AudioSystem.getLine(AudioSystem.java:425)
	at saros.misc.sound.SoundPlayer.playSound(SoundPlayer.java:52)
	at saros.ui.sounds.SoundPlayer$1.run(SoundPlayer.java:40)
	at saros.util.ThreadUtils$1.run(ThreadUtils.java:34)
	at java.base/java.lang.Thread.run(Thread.java:834)
ERROR 12:33:54,825 [saros-sound] (SoundPlayer.java:59) could not access sound system
java.lang.IllegalArgumentException: No line matching interface SourceDataLine supporting format PCM_SIGNED 11025.0 Hz, 16 bit, mono, 2 bytes/frame, little-endian is supported.
	at java.desktop/javax.sound.sampled.AudioSystem.getLine(AudioSystem.java:425)
	at saros.misc.sound.SoundPlayer.playSound(SoundPlayer.java:52)
	at saros.ui.sounds.SoundPlayer$1.run(SoundPlayer.java:40)
	at saros.util.ThreadUtils$1.run(ThreadUtils.java:34)
	at java.base/java.lang.Thread.run(Thread.java:834)
WARN  12:34:34,111 [Worker-19: Session Startup] (ConsistencyAction.java:172) watchdog client component is not available, cannot perform inconsistency notification
INFO  12:34:34,144 [Worker-19: Session Startup] (SarosSessionManager.java:272) session started
ERROR 12:34:57,372 [saros-sound] (SoundPlayer.java:59) could not access sound system
java.lang.IllegalArgumentException: No line matching interface SourceDataLine supporting format PCM_SIGNED 11025.0 Hz, 16 bit, mono, 2 bytes/frame, little-endian is supported.
	at java.desktop/javax.sound.sampled.AudioSystem.getLine(AudioSystem.java:425)
	at saros.misc.sound.SoundPlayer.playSound(SoundPlayer.java:52)
	at saros.ui.sounds.SoundPlayer$1.run(SoundPlayer.java:40)
	at saros.util.ThreadUtils$1.run(ThreadUtils.java:34)
	at java.base/java.lang.Thread.run(Thread.java:834)
ERROR 12:34:59,763 [saros-sound] (SoundPlayer.java:59) could not access sound system
java.lang.IllegalArgumentException: No line matching interface SourceDataLine supporting format PCM_SIGNED 11025.0 Hz, 16 bit, mono, 2 bytes/frame, little-endian is supported.
	at java.desktop/javax.sound.sampled.AudioSystem.getLine(AudioSystem.java:425)
	at saros.misc.sound.SoundPlayer.playSound(SoundPlayer.java:52)
	at saros.ui.sounds.SoundPlayer$1.run(SoundPlayer.java:40)
	at saros.util.ThreadUtils$1.run(ThreadUtils.java:34)
	at java.base/java.lang.Thread.run(Thread.java:834)
INFO  12:35:25,213 [Smack Listener Processor (0)] (SingleUserChatService.java:80) chat created between alexlu07@saros-con.imp.fu-berlin.de/Saros <->jk1452@saros-con.imp.fu-berlin.de/Saros, created local: false
INFO  12:35:25,213 [Smack Listener Processor (0)] (SingleUserChatService.java:107) skipping notification of listeners because the chat already exists
INFO  12:35:35,115 [saros-StopSession] (SarosSessionManager.java:332) session stopped
WARN  12:35:35,233 [Smack Listener Processor (0)] (SubscriptionHandler.java:128) received error presence package from saros_1289542198@conference.saros-con.imp.fu-berlin.de/alexlu07@saros-con.imp.fu-berlin.de/Saros, condition: item-not-found, message: Conference room does not exist
WARN  12:36:03,154 [Worker-20: Session Startup] (ConsistencyAction.java:172) watchdog client component is not available, cannot perform inconsistency notification
INFO  12:36:03,162 [Worker-20: Session Startup] (SarosSessionManager.java:272) session started
DEBUG 12:36:03,798 [Smack Listener Processor (0)] (MultiUserChatStateManager.java:98) Incoming Message from saros_949868905@conference.saros-con.imp.fu-berlin.de/alexlu07@saros-con.imp.fu-berlin.de/Saros with state: active
INFO  12:36:39,227 [saros-StopSession] (SarosSessionManager.java:332) session stopped
INFO  12:38:27,133 [saros-upnp-resolver-cfg] (UPnPServiceImpl.java:291) discovered 0 gateway(s)
INFO  12:40:25,303 [saros-shutdown] (ContainerContext.java:205) disposing context...
INFO  12:40:25,316 [saros-shutdown] (ContainerContext.java:209) successfully disposed context
INFO  12:40:25,531 [Framework stop - Equinox Container: ff9d9584-e187-4af5-9699-635c4f052747] (Saros.java:137) Stopping Saros 16.0.1
