INFO  18:27:56,593 [saros-DispatchContext] (NegotiationPacketListener.java:227) Starting Saros 16.0.1 running:
  Java Version: 11.0.7
  Java Vendor: Oracle Corporation
  Eclipse Runtime Version: 3.18.0.v20200506-2143
  Operating System: Linux (5.4.0-45-generic)
  Hardware Architecture: amd64
INFO  18:27:56,638 [saros-DispatchContext] (NegotiationPacketListener.java:227) initializing context...
INFO  18:27:57,343 [saros-DispatchContext] (NegotiationPacketListener.java:227) initializing preference default values
INFO  18:27:57,415 [saros-DispatchContext] (NegotiationPacketListener.java:227) successfully initialized context
INFO  19:15:32,074 [saros-DispatchContext] (NegotiationPacketListener.java:227) received invitation from jk1452@saros-con.imp.fu-berlin.de/Saros [negotiation id: 7502248619209849811, session id: 2055585446, version: 16.0.1]
INFO  19:21:16,390 [ModalContext] (SarosSessionManager.java:288) joined uninitialized Saros session
INFO  19:21:16,391 [ModalContext] (DataTransferManager.java:269) establishing connection to jk1452@saros-con.imp.fu-berlin.de/Saros from alexlu07@saros-con.imp.fu-berlin.de/Saros using stream service XMPP-Socks5-Stream-Service
INFO  19:21:26,524 [saros-DispatchContext] (NegotiationPacketListener.java:310) received project negotiation from jk1452@saros-con.imp.fu-berlin.de/Saros with negotiation id: -5465405478462958540
INFO  19:21:54,745 [saros-DispatchContext] (SarosSession.java:389) user jk1452@saros-con.imp.fu-berlin.de/Saros now has Projects and can process IResourceActivities
WARN  19:25:57,523 [main] (EditorAPI.java:505) Could not calculate the line offset for the given text position [TextPosition - line number: 18, in-line offset: 30] in the document org.eclipse.core.internal.filebuffers.SynchronizableDocument@3aec7b61
org.eclipse.jface.text.BadLocationException
	at org.eclipse.jface.text.TreeLineTracker.fail(TreeLineTracker.java:1054)
	at org.eclipse.jface.text.TreeLineTracker.offsetByLine(TreeLineTracker.java:335)
	at org.eclipse.jface.text.TreeLineTracker.getLineOffset(TreeLineTracker.java:1111)
	at org.eclipse.jface.text.AbstractLineTracker.getLineOffset(AbstractLineTracker.java:161)
	at org.eclipse.jface.text.AbstractDocument.getLineOffset(AbstractDocument.java:877)
	at org.eclipse.core.internal.filebuffers.SynchronizableDocument.getLineOffset(SynchronizableDocument.java:323)
	at saros.editor.internal.EditorAPI.calculateOffsetInternal(EditorAPI.java:502)
	at saros.editor.internal.EditorAPI.calculateOffsets(EditorAPI.java:561)
	at saros.editor.internal.LocationAnnotationManager.setSelection(LocationAnnotationManager.java:215)
	at saros.editor.EditorManager$2.receive(EditorManager.java:207)
	at saros.activities.TextSelectionActivity.dispatch(TextSelectionActivity.java:150)
	at saros.session.AbstractActivityConsumer.exec(AbstractActivityConsumer.java:79)
	at saros.editor.EditorManager$2.exec(EditorManager.java:186)
	at saros.session.internal.SarosSession$2.execute(SarosSession.java:193)
	at saros.session.internal.ActivityHandler$3.run(ActivityHandler.java:358)
	at saros.util.ThreadUtils$1.run(ThreadUtils.java:34)
	at org.eclipse.swt.widgets.RunnableLock.run(RunnableLock.java:40)
	at org.eclipse.swt.widgets.Synchronizer.runAsyncMessages(Synchronizer.java:185)
	at org.eclipse.swt.widgets.Display.runAsyncMessages(Display.java:4928)
	at org.eclipse.swt.widgets.Display.readAndDispatch(Display.java:4449)
	at org.eclipse.e4.ui.internal.workbench.swt.PartRenderingEngine$5.run(PartRenderingEngine.java:1158)
	at org.eclipse.core.databinding.observable.Realm.runWithDefault(Realm.java:338)
	at org.eclipse.e4.ui.internal.workbench.swt.PartRenderingEngine.run(PartRenderingEngine.java:1047)
	at org.eclipse.e4.ui.internal.workbench.E4Workbench.createAndRunUI(E4Workbench.java:155)
	at org.eclipse.ui.internal.Workbench.lambda$3(Workbench.java:658)
	at org.eclipse.core.databinding.observable.Realm.runWithDefault(Realm.java:338)
	at org.eclipse.ui.internal.Workbench.createAndRunWorkbench(Workbench.java:557)
	at org.eclipse.ui.PlatformUI.createAndRunWorkbench(PlatformUI.java:154)
	at org.eclipse.ui.internal.ide.application.IDEApplication.start(IDEApplication.java:150)
	at org.eclipse.equinox.internal.app.EclipseAppHandle.run(EclipseAppHandle.java:203)
	at org.eclipse.core.runtime.internal.adaptor.EclipseAppLauncher.runApplication(EclipseAppLauncher.java:137)
	at org.eclipse.core.runtime.internal.adaptor.EclipseAppLauncher.start(EclipseAppLauncher.java:107)
	at org.eclipse.core.runtime.adaptor.EclipseStarter.run(EclipseStarter.java:401)
	at org.eclipse.core.runtime.adaptor.EclipseStarter.run(EclipseStarter.java:255)
	at java.base/jdk.internal.reflect.NativeMethodAccessorImpl.invoke0(Native Method)
	at java.base/jdk.internal.reflect.NativeMethodAccessorImpl.invoke(NativeMethodAccessorImpl.java:62)
	at java.base/jdk.internal.reflect.DelegatingMethodAccessorImpl.invoke(DelegatingMethodAccessorImpl.java:43)
	at java.base/java.lang.reflect.Method.invoke(Method.java:566)
	at org.eclipse.equinox.launcher.Main.invokeFramework(Main.java:657)
	at org.eclipse.equinox.launcher.Main.basicRun(Main.java:594)
	at org.eclipse.equinox.launcher.Main.run(Main.java:1447)
	at org.eclipse.equinox.launcher.Main.main(Main.java:1420)
ERROR 19:25:57,531 [main] (SarosSession.java:195) error while invoking active activity consumer: saros.editor.EditorManager$2@649d9c9, activity: TextSelectionActivity(start line: 18, in-line offset: 30, end line: 18, in-line offset: 30, src: jk1452@saros-con.imp.fu-berlin.de/Saros, path: SPath [project=P/GrapplingHook (EclipseProjectImpl), projectRelativePath=src/plugin/grapplingHook/GrapplingHook.java])
org.eclipse.core.runtime.AssertionFailedException: assertion failed: 
	at org.eclipse.core.runtime.Assert.isTrue(Assert.java:113)
	at org.eclipse.core.runtime.Assert.isTrue(Assert.java:99)
	at org.eclipse.jface.text.Position.<init>(Position.java:65)
	at saros.editor.internal.LocationAnnotationManager.setSelection(LocationAnnotationManager.java:247)
	at saros.editor.EditorManager$2.receive(EditorManager.java:207)
	at saros.activities.TextSelectionActivity.dispatch(TextSelectionActivity.java:150)
	at saros.session.AbstractActivityConsumer.exec(AbstractActivityConsumer.java:79)
	at saros.editor.EditorManager$2.exec(EditorManager.java:186)
	at saros.session.internal.SarosSession$2.execute(SarosSession.java:193)
	at saros.session.internal.ActivityHandler$3.run(ActivityHandler.java:358)
	at saros.util.ThreadUtils$1.run(ThreadUtils.java:34)
	at org.eclipse.swt.widgets.RunnableLock.run(RunnableLock.java:40)
	at org.eclipse.swt.widgets.Synchronizer.runAsyncMessages(Synchronizer.java:185)
	at org.eclipse.swt.widgets.Display.runAsyncMessages(Display.java:4928)
	at org.eclipse.swt.widgets.Display.readAndDispatch(Display.java:4449)
	at org.eclipse.e4.ui.internal.workbench.swt.PartRenderingEngine$5.run(PartRenderingEngine.java:1158)
	at org.eclipse.core.databinding.observable.Realm.runWithDefault(Realm.java:338)
	at org.eclipse.e4.ui.internal.workbench.swt.PartRenderingEngine.run(PartRenderingEngine.java:1047)
	at org.eclipse.e4.ui.internal.workbench.E4Workbench.createAndRunUI(E4Workbench.java:155)
	at org.eclipse.ui.internal.Workbench.lambda$3(Workbench.java:658)
	at org.eclipse.core.databinding.observable.Realm.runWithDefault(Realm.java:338)
	at org.eclipse.ui.internal.Workbench.createAndRunWorkbench(Workbench.java:557)
	at org.eclipse.ui.PlatformUI.createAndRunWorkbench(PlatformUI.java:154)
	at org.eclipse.ui.internal.ide.application.IDEApplication.start(IDEApplication.java:150)
	at org.eclipse.equinox.internal.app.EclipseAppHandle.run(EclipseAppHandle.java:203)
	at org.eclipse.core.runtime.internal.adaptor.EclipseAppLauncher.runApplication(EclipseAppLauncher.java:137)
	at org.eclipse.core.runtime.internal.adaptor.EclipseAppLauncher.start(EclipseAppLauncher.java:107)
	at org.eclipse.core.runtime.adaptor.EclipseStarter.run(EclipseStarter.java:401)
	at org.eclipse.core.runtime.adaptor.EclipseStarter.run(EclipseStarter.java:255)
	at java.base/jdk.internal.reflect.NativeMethodAccessorImpl.invoke0(Native Method)
	at java.base/jdk.internal.reflect.NativeMethodAccessorImpl.invoke(NativeMethodAccessorImpl.java:62)
	at java.base/jdk.internal.reflect.DelegatingMethodAccessorImpl.invoke(DelegatingMethodAccessorImpl.java:43)
	at java.base/java.lang.reflect.Method.invoke(Method.java:566)
	at org.eclipse.equinox.launcher.Main.invokeFramework(Main.java:657)
	at org.eclipse.equinox.launcher.Main.basicRun(Main.java:594)
	at org.eclipse.equinox.launcher.Main.run(Main.java:1447)
	at org.eclipse.equinox.launcher.Main.main(Main.java:1420)
WARN  19:25:57,732 [main] (EditorAPI.java:505) Could not calculate the line offset for the given text position [TextPosition - line number: 18, in-line offset: 32] in the document org.eclipse.core.internal.filebuffers.SynchronizableDocument@3aec7b61
org.eclipse.jface.text.BadLocationException
	at org.eclipse.jface.text.TreeLineTracker.fail(TreeLineTracker.java:1054)
	at org.eclipse.jface.text.TreeLineTracker.offsetByLine(TreeLineTracker.java:335)
	at org.eclipse.jface.text.TreeLineTracker.getLineOffset(TreeLineTracker.java:1111)
	at org.eclipse.jface.text.AbstractLineTracker.getLineOffset(AbstractLineTracker.java:161)
	at org.eclipse.jface.text.AbstractDocument.getLineOffset(AbstractDocument.java:877)
	at org.eclipse.core.internal.filebuffers.SynchronizableDocument.getLineOffset(SynchronizableDocument.java:323)
	at saros.editor.internal.EditorAPI.calculateOffsetInternal(EditorAPI.java:502)
	at saros.editor.internal.EditorAPI.calculateOffsets(EditorAPI.java:561)
	at saros.editor.internal.LocationAnnotationManager.setSelection(LocationAnnotationManager.java:215)
	at saros.editor.EditorManager$2.receive(EditorManager.java:207)
	at saros.activities.TextSelectionActivity.dispatch(TextSelectionActivity.java:150)
	at saros.session.AbstractActivityConsumer.exec(AbstractActivityConsumer.java:79)
	at saros.editor.EditorManager$2.exec(EditorManager.java:186)
	at saros.session.internal.SarosSession$2.execute(SarosSession.java:193)
	at saros.session.internal.ActivityHandler$3.run(ActivityHandler.java:358)
	at saros.util.ThreadUtils$1.run(ThreadUtils.java:34)
	at org.eclipse.swt.widgets.RunnableLock.run(RunnableLock.java:40)
	at org.eclipse.swt.widgets.Synchronizer.runAsyncMessages(Synchronizer.java:185)
	at org.eclipse.swt.widgets.Display.runAsyncMessages(Display.java:4928)
	at org.eclipse.swt.widgets.Display.readAndDispatch(Display.java:4449)
	at org.eclipse.e4.ui.internal.workbench.swt.PartRenderingEngine$5.run(PartRenderingEngine.java:1158)
	at org.eclipse.core.databinding.observable.Realm.runWithDefault(Realm.java:338)
	at org.eclipse.e4.ui.internal.workbench.swt.PartRenderingEngine.run(PartRenderingEngine.java:1047)
	at org.eclipse.e4.ui.internal.workbench.E4Workbench.createAndRunUI(E4Workbench.java:155)
	at org.eclipse.ui.internal.Workbench.lambda$3(Workbench.java:658)
	at org.eclipse.core.databinding.observable.Realm.runWithDefault(Realm.java:338)
	at org.eclipse.ui.internal.Workbench.createAndRunWorkbench(Workbench.java:557)
	at org.eclipse.ui.PlatformUI.createAndRunWorkbench(PlatformUI.java:154)
	at org.eclipse.ui.internal.ide.application.IDEApplication.start(IDEApplication.java:150)
	at org.eclipse.equinox.internal.app.EclipseAppHandle.run(EclipseAppHandle.java:203)
	at org.eclipse.core.runtime.internal.adaptor.EclipseAppLauncher.runApplication(EclipseAppLauncher.java:137)
	at org.eclipse.core.runtime.internal.adaptor.EclipseAppLauncher.start(EclipseAppLauncher.java:107)
	at org.eclipse.core.runtime.adaptor.EclipseStarter.run(EclipseStarter.java:401)
	at org.eclipse.core.runtime.adaptor.EclipseStarter.run(EclipseStarter.java:255)
	at java.base/jdk.internal.reflect.NativeMethodAccessorImpl.invoke0(Native Method)
	at java.base/jdk.internal.reflect.NativeMethodAccessorImpl.invoke(NativeMethodAccessorImpl.java:62)
	at java.base/jdk.internal.reflect.DelegatingMethodAccessorImpl.invoke(DelegatingMethodAccessorImpl.java:43)
	at java.base/java.lang.reflect.Method.invoke(Method.java:566)
	at org.eclipse.equinox.launcher.Main.invokeFramework(Main.java:657)
	at org.eclipse.equinox.launcher.Main.basicRun(Main.java:594)
	at org.eclipse.equinox.launcher.Main.run(Main.java:1447)
	at org.eclipse.equinox.launcher.Main.main(Main.java:1420)
ERROR 19:25:57,734 [main] (SarosSession.java:195) error while invoking active activity consumer: saros.editor.EditorManager$2@649d9c9, activity: TextSelectionActivity(start line: 18, in-line offset: 32, end line: 18, in-line offset: 32, src: jk1452@saros-con.imp.fu-berlin.de/Saros, path: SPath [project=P/GrapplingHook (EclipseProjectImpl), projectRelativePath=src/plugin/grapplingHook/GrapplingHook.java])
org.eclipse.core.runtime.AssertionFailedException: assertion failed: 
	at org.eclipse.core.runtime.Assert.isTrue(Assert.java:113)
	at org.eclipse.core.runtime.Assert.isTrue(Assert.java:99)
	at org.eclipse.jface.text.Position.<init>(Position.java:65)
	at saros.editor.internal.LocationAnnotationManager.setSelection(LocationAnnotationManager.java:247)
	at saros.editor.EditorManager$2.receive(EditorManager.java:207)
	at saros.activities.TextSelectionActivity.dispatch(TextSelectionActivity.java:150)
	at saros.session.AbstractActivityConsumer.exec(AbstractActivityConsumer.java:79)
	at saros.editor.EditorManager$2.exec(EditorManager.java:186)
	at saros.session.internal.SarosSession$2.execute(SarosSession.java:193)
	at saros.session.internal.ActivityHandler$3.run(ActivityHandler.java:358)
	at saros.util.ThreadUtils$1.run(ThreadUtils.java:34)
	at org.eclipse.swt.widgets.RunnableLock.run(RunnableLock.java:40)
	at org.eclipse.swt.widgets.Synchronizer.runAsyncMessages(Synchronizer.java:185)
	at org.eclipse.swt.widgets.Display.runAsyncMessages(Display.java:4928)
	at org.eclipse.swt.widgets.Display.readAndDispatch(Display.java:4449)
	at org.eclipse.e4.ui.internal.workbench.swt.PartRenderingEngine$5.run(PartRenderingEngine.java:1158)
	at org.eclipse.core.databinding.observable.Realm.runWithDefault(Realm.java:338)
	at org.eclipse.e4.ui.internal.workbench.swt.PartRenderingEngine.run(PartRenderingEngine.java:1047)
	at org.eclipse.e4.ui.internal.workbench.E4Workbench.createAndRunUI(E4Workbench.java:155)
	at org.eclipse.ui.internal.Workbench.lambda$3(Workbench.java:658)
	at org.eclipse.core.databinding.observable.Realm.runWithDefault(Realm.java:338)
	at org.eclipse.ui.internal.Workbench.createAndRunWorkbench(Workbench.java:557)
	at org.eclipse.ui.PlatformUI.createAndRunWorkbench(PlatformUI.java:154)
	at org.eclipse.ui.internal.ide.application.IDEApplication.start(IDEApplication.java:150)
	at org.eclipse.equinox.internal.app.EclipseAppHandle.run(EclipseAppHandle.java:203)
	at org.eclipse.core.runtime.internal.adaptor.EclipseAppLauncher.runApplication(EclipseAppLauncher.java:137)
	at org.eclipse.core.runtime.internal.adaptor.EclipseAppLauncher.start(EclipseAppLauncher.java:107)
	at org.eclipse.core.runtime.adaptor.EclipseStarter.run(EclipseStarter.java:401)
	at org.eclipse.core.runtime.adaptor.EclipseStarter.run(EclipseStarter.java:255)
	at java.base/jdk.internal.reflect.NativeMethodAccessorImpl.invoke0(Native Method)
	at java.base/jdk.internal.reflect.NativeMethodAccessorImpl.invoke(NativeMethodAccessorImpl.java:62)
	at java.base/jdk.internal.reflect.DelegatingMethodAccessorImpl.invoke(DelegatingMethodAccessorImpl.java:43)
	at java.base/java.lang.reflect.Method.invoke(Method.java:566)
	at org.eclipse.equinox.launcher.Main.invokeFramework(Main.java:657)
	at org.eclipse.equinox.launcher.Main.basicRun(Main.java:594)
	at org.eclipse.equinox.launcher.Main.run(Main.java:1447)
	at org.eclipse.equinox.launcher.Main.main(Main.java:1420)
WARN  19:25:58,059 [main] (EditorAPI.java:505) Could not calculate the line offset for the given text position [TextPosition - line number: 17, in-line offset: 35] in the document org.eclipse.core.internal.filebuffers.SynchronizableDocument@3aec7b61
org.eclipse.jface.text.BadLocationException
	at org.eclipse.jface.text.TreeLineTracker.fail(TreeLineTracker.java:1054)
	at org.eclipse.jface.text.TreeLineTracker.offsetByLine(TreeLineTracker.java:335)
	at org.eclipse.jface.text.TreeLineTracker.getLineOffset(TreeLineTracker.java:1111)
	at org.eclipse.jface.text.AbstractLineTracker.getLineOffset(AbstractLineTracker.java:161)
	at org.eclipse.jface.text.AbstractDocument.getLineOffset(AbstractDocument.java:877)
	at org.eclipse.core.internal.filebuffers.SynchronizableDocument.getLineOffset(SynchronizableDocument.java:323)
	at saros.editor.internal.EditorAPI.calculateOffsetInternal(EditorAPI.java:502)
	at saros.editor.internal.EditorAPI.calculateOffsets(EditorAPI.java:561)
	at saros.editor.internal.LocationAnnotationManager.setSelection(LocationAnnotationManager.java:215)
	at saros.editor.EditorManager$2.receive(EditorManager.java:207)
	at saros.activities.TextSelectionActivity.dispatch(TextSelectionActivity.java:150)
	at saros.session.AbstractActivityConsumer.exec(AbstractActivityConsumer.java:79)
	at saros.editor.EditorManager$2.exec(EditorManager.java:186)
	at saros.session.internal.SarosSession$2.execute(SarosSession.java:193)
	at saros.session.internal.ActivityHandler$3.run(ActivityHandler.java:358)
	at saros.util.ThreadUtils$1.run(ThreadUtils.java:34)
	at org.eclipse.swt.widgets.RunnableLock.run(RunnableLock.java:40)
	at org.eclipse.swt.widgets.Synchronizer.runAsyncMessages(Synchronizer.java:185)
	at org.eclipse.swt.widgets.Display.runAsyncMessages(Display.java:4928)
	at org.eclipse.swt.widgets.Display.readAndDispatch(Display.java:4449)
	at org.eclipse.e4.ui.internal.workbench.swt.PartRenderingEngine$5.run(PartRenderingEngine.java:1158)
	at org.eclipse.core.databinding.observable.Realm.runWithDefault(Realm.java:338)
	at org.eclipse.e4.ui.internal.workbench.swt.PartRenderingEngine.run(PartRenderingEngine.java:1047)
	at org.eclipse.e4.ui.internal.workbench.E4Workbench.createAndRunUI(E4Workbench.java:155)
	at org.eclipse.ui.internal.Workbench.lambda$3(Workbench.java:658)
	at org.eclipse.core.databinding.observable.Realm.runWithDefault(Realm.java:338)
	at org.eclipse.ui.internal.Workbench.createAndRunWorkbench(Workbench.java:557)
	at org.eclipse.ui.PlatformUI.createAndRunWorkbench(PlatformUI.java:154)
	at org.eclipse.ui.internal.ide.application.IDEApplication.start(IDEApplication.java:150)
	at org.eclipse.equinox.internal.app.EclipseAppHandle.run(EclipseAppHandle.java:203)
	at org.eclipse.core.runtime.internal.adaptor.EclipseAppLauncher.runApplication(EclipseAppLauncher.java:137)
	at org.eclipse.core.runtime.internal.adaptor.EclipseAppLauncher.start(EclipseAppLauncher.java:107)
	at org.eclipse.core.runtime.adaptor.EclipseStarter.run(EclipseStarter.java:401)
	at org.eclipse.core.runtime.adaptor.EclipseStarter.run(EclipseStarter.java:255)
	at java.base/jdk.internal.reflect.NativeMethodAccessorImpl.invoke0(Native Method)
	at java.base/jdk.internal.reflect.NativeMethodAccessorImpl.invoke(NativeMethodAccessorImpl.java:62)
	at java.base/jdk.internal.reflect.DelegatingMethodAccessorImpl.invoke(DelegatingMethodAccessorImpl.java:43)
	at java.base/java.lang.reflect.Method.invoke(Method.java:566)
	at org.eclipse.equinox.launcher.Main.invokeFramework(Main.java:657)
	at org.eclipse.equinox.launcher.Main.basicRun(Main.java:594)
	at org.eclipse.equinox.launcher.Main.run(Main.java:1447)
	at org.eclipse.equinox.launcher.Main.main(Main.java:1420)
ERROR 19:25:58,069 [main] (SarosSession.java:195) error while invoking active activity consumer: saros.editor.EditorManager$2@649d9c9, activity: TextSelectionActivity(start line: 17, in-line offset: 35, end line: 17, in-line offset: 35, src: jk1452@saros-con.imp.fu-berlin.de/Saros, path: SPath [project=P/GrapplingHook (EclipseProjectImpl), projectRelativePath=src/plugin/grapplingHook/GrapplingHook.java])
org.eclipse.core.runtime.AssertionFailedException: assertion failed: 
	at org.eclipse.core.runtime.Assert.isTrue(Assert.java:113)
	at org.eclipse.core.runtime.Assert.isTrue(Assert.java:99)
	at org.eclipse.jface.text.Position.<init>(Position.java:65)
	at saros.editor.internal.LocationAnnotationManager.setSelection(LocationAnnotationManager.java:247)
	at saros.editor.EditorManager$2.receive(EditorManager.java:207)
	at saros.activities.TextSelectionActivity.dispatch(TextSelectionActivity.java:150)
	at saros.session.AbstractActivityConsumer.exec(AbstractActivityConsumer.java:79)
	at saros.editor.EditorManager$2.exec(EditorManager.java:186)
	at saros.session.internal.SarosSession$2.execute(SarosSession.java:193)
	at saros.session.internal.ActivityHandler$3.run(ActivityHandler.java:358)
	at saros.util.ThreadUtils$1.run(ThreadUtils.java:34)
	at org.eclipse.swt.widgets.RunnableLock.run(RunnableLock.java:40)
	at org.eclipse.swt.widgets.Synchronizer.runAsyncMessages(Synchronizer.java:185)
	at org.eclipse.swt.widgets.Display.runAsyncMessages(Display.java:4928)
	at org.eclipse.swt.widgets.Display.readAndDispatch(Display.java:4449)
	at org.eclipse.e4.ui.internal.workbench.swt.PartRenderingEngine$5.run(PartRenderingEngine.java:1158)
	at org.eclipse.core.databinding.observable.Realm.runWithDefault(Realm.java:338)
	at org.eclipse.e4.ui.internal.workbench.swt.PartRenderingEngine.run(PartRenderingEngine.java:1047)
	at org.eclipse.e4.ui.internal.workbench.E4Workbench.createAndRunUI(E4Workbench.java:155)
	at org.eclipse.ui.internal.Workbench.lambda$3(Workbench.java:658)
	at org.eclipse.core.databinding.observable.Realm.runWithDefault(Realm.java:338)
	at org.eclipse.ui.internal.Workbench.createAndRunWorkbench(Workbench.java:557)
	at org.eclipse.ui.PlatformUI.createAndRunWorkbench(PlatformUI.java:154)
	at org.eclipse.ui.internal.ide.application.IDEApplication.start(IDEApplication.java:150)
	at org.eclipse.equinox.internal.app.EclipseAppHandle.run(EclipseAppHandle.java:203)
	at org.eclipse.core.runtime.internal.adaptor.EclipseAppLauncher.runApplication(EclipseAppLauncher.java:137)
	at org.eclipse.core.runtime.internal.adaptor.EclipseAppLauncher.start(EclipseAppLauncher.java:107)
	at org.eclipse.core.runtime.adaptor.EclipseStarter.run(EclipseStarter.java:401)
	at org.eclipse.core.runtime.adaptor.EclipseStarter.run(EclipseStarter.java:255)
	at java.base/jdk.internal.reflect.NativeMethodAccessorImpl.invoke0(Native Method)
	at java.base/jdk.internal.reflect.NativeMethodAccessorImpl.invoke(NativeMethodAccessorImpl.java:62)
	at java.base/jdk.internal.reflect.DelegatingMethodAccessorImpl.invoke(DelegatingMethodAccessorImpl.java:43)
	at java.base/java.lang.reflect.Method.invoke(Method.java:566)
	at org.eclipse.equinox.launcher.Main.invokeFramework(Main.java:657)
	at org.eclipse.equinox.launcher.Main.basicRun(Main.java:594)
	at org.eclipse.equinox.launcher.Main.run(Main.java:1447)
	at org.eclipse.equinox.launcher.Main.main(Main.java:1420)
WARN  19:25:58,148 [main] (EditorAPI.java:505) Could not calculate the line offset for the given text position [TextPosition - line number: 17, in-line offset: 36] in the document org.eclipse.core.internal.filebuffers.SynchronizableDocument@3aec7b61
org.eclipse.jface.text.BadLocationException
	at org.eclipse.jface.text.TreeLineTracker.fail(TreeLineTracker.java:1054)
	at org.eclipse.jface.text.TreeLineTracker.offsetByLine(TreeLineTracker.java:335)
	at org.eclipse.jface.text.TreeLineTracker.getLineOffset(TreeLineTracker.java:1111)
	at org.eclipse.jface.text.AbstractLineTracker.getLineOffset(AbstractLineTracker.java:161)
	at org.eclipse.jface.text.AbstractDocument.getLineOffset(AbstractDocument.java:877)
	at org.eclipse.core.internal.filebuffers.SynchronizableDocument.getLineOffset(SynchronizableDocument.java:323)
	at saros.editor.internal.EditorAPI.calculateOffsetInternal(EditorAPI.java:502)
	at saros.editor.internal.EditorAPI.calculateOffsets(EditorAPI.java:561)
	at saros.editor.internal.LocationAnnotationManager.setSelection(LocationAnnotationManager.java:215)
	at saros.editor.EditorManager$2.receive(EditorManager.java:207)
	at saros.activities.TextSelectionActivity.dispatch(TextSelectionActivity.java:150)
	at saros.session.AbstractActivityConsumer.exec(AbstractActivityConsumer.java:79)
	at saros.editor.EditorManager$2.exec(EditorManager.java:186)
	at saros.session.internal.SarosSession$2.execute(SarosSession.java:193)
	at saros.session.internal.ActivityHandler$3.run(ActivityHandler.java:358)
	at saros.util.ThreadUtils$1.run(ThreadUtils.java:34)
	at org.eclipse.swt.widgets.RunnableLock.run(RunnableLock.java:40)
	at org.eclipse.swt.widgets.Synchronizer.runAsyncMessages(Synchronizer.java:185)
	at org.eclipse.swt.widgets.Display.runAsyncMessages(Display.java:4928)
	at org.eclipse.swt.widgets.Display.readAndDispatch(Display.java:4449)
	at org.eclipse.e4.ui.internal.workbench.swt.PartRenderingEngine$5.run(PartRenderingEngine.java:1158)
	at org.eclipse.core.databinding.observable.Realm.runWithDefault(Realm.java:338)
	at org.eclipse.e4.ui.internal.workbench.swt.PartRenderingEngine.run(PartRenderingEngine.java:1047)
	at org.eclipse.e4.ui.internal.workbench.E4Workbench.createAndRunUI(E4Workbench.java:155)
	at org.eclipse.ui.internal.Workbench.lambda$3(Workbench.java:658)
	at org.eclipse.core.databinding.observable.Realm.runWithDefault(Realm.java:338)
	at org.eclipse.ui.internal.Workbench.createAndRunWorkbench(Workbench.java:557)
	at org.eclipse.ui.PlatformUI.createAndRunWorkbench(PlatformUI.java:154)
	at org.eclipse.ui.internal.ide.application.IDEApplication.start(IDEApplication.java:150)
	at org.eclipse.equinox.internal.app.EclipseAppHandle.run(EclipseAppHandle.java:203)
	at org.eclipse.core.runtime.internal.adaptor.EclipseAppLauncher.runApplication(EclipseAppLauncher.java:137)
	at org.eclipse.core.runtime.internal.adaptor.EclipseAppLauncher.start(EclipseAppLauncher.java:107)
	at org.eclipse.core.runtime.adaptor.EclipseStarter.run(EclipseStarter.java:401)
	at org.eclipse.core.runtime.adaptor.EclipseStarter.run(EclipseStarter.java:255)
	at java.base/jdk.internal.reflect.NativeMethodAccessorImpl.invoke0(Native Method)
	at java.base/jdk.internal.reflect.NativeMethodAccessorImpl.invoke(NativeMethodAccessorImpl.java:62)
	at java.base/jdk.internal.reflect.DelegatingMethodAccessorImpl.invoke(DelegatingMethodAccessorImpl.java:43)
	at java.base/java.lang.reflect.Method.invoke(Method.java:566)
	at org.eclipse.equinox.launcher.Main.invokeFramework(Main.java:657)
	at org.eclipse.equinox.launcher.Main.basicRun(Main.java:594)
	at org.eclipse.equinox.launcher.Main.run(Main.java:1447)
	at org.eclipse.equinox.launcher.Main.main(Main.java:1420)
ERROR 19:25:58,149 [main] (SarosSession.java:195) error while invoking active activity consumer: saros.editor.EditorManager$2@649d9c9, activity: TextSelectionActivity(start line: 17, in-line offset: 36, end line: 17, in-line offset: 36, src: jk1452@saros-con.imp.fu-berlin.de/Saros, path: SPath [project=P/GrapplingHook (EclipseProjectImpl), projectRelativePath=src/plugin/grapplingHook/GrapplingHook.java])
org.eclipse.core.runtime.AssertionFailedException: assertion failed: 
	at org.eclipse.core.runtime.Assert.isTrue(Assert.java:113)
	at org.eclipse.core.runtime.Assert.isTrue(Assert.java:99)
	at org.eclipse.jface.text.Position.<init>(Position.java:65)
	at saros.editor.internal.LocationAnnotationManager.setSelection(LocationAnnotationManager.java:247)
	at saros.editor.EditorManager$2.receive(EditorManager.java:207)
	at saros.activities.TextSelectionActivity.dispatch(TextSelectionActivity.java:150)
	at saros.session.AbstractActivityConsumer.exec(AbstractActivityConsumer.java:79)
	at saros.editor.EditorManager$2.exec(EditorManager.java:186)
	at saros.session.internal.SarosSession$2.execute(SarosSession.java:193)
	at saros.session.internal.ActivityHandler$3.run(ActivityHandler.java:358)
	at saros.util.ThreadUtils$1.run(ThreadUtils.java:34)
	at org.eclipse.swt.widgets.RunnableLock.run(RunnableLock.java:40)
	at org.eclipse.swt.widgets.Synchronizer.runAsyncMessages(Synchronizer.java:185)
	at org.eclipse.swt.widgets.Display.runAsyncMessages(Display.java:4928)
	at org.eclipse.swt.widgets.Display.readAndDispatch(Display.java:4449)
	at org.eclipse.e4.ui.internal.workbench.swt.PartRenderingEngine$5.run(PartRenderingEngine.java:1158)
	at org.eclipse.core.databinding.observable.Realm.runWithDefault(Realm.java:338)
	at org.eclipse.e4.ui.internal.workbench.swt.PartRenderingEngine.run(PartRenderingEngine.java:1047)
	at org.eclipse.e4.ui.internal.workbench.E4Workbench.createAndRunUI(E4Workbench.java:155)
	at org.eclipse.ui.internal.Workbench.lambda$3(Workbench.java:658)
	at org.eclipse.core.databinding.observable.Realm.runWithDefault(Realm.java:338)
	at org.eclipse.ui.internal.Workbench.createAndRunWorkbench(Workbench.java:557)
	at org.eclipse.ui.PlatformUI.createAndRunWorkbench(PlatformUI.java:154)
	at org.eclipse.ui.internal.ide.application.IDEApplication.start(IDEApplication.java:150)
	at org.eclipse.equinox.internal.app.EclipseAppHandle.run(EclipseAppHandle.java:203)
	at org.eclipse.core.runtime.internal.adaptor.EclipseAppLauncher.runApplication(EclipseAppLauncher.java:137)
	at org.eclipse.core.runtime.internal.adaptor.EclipseAppLauncher.start(EclipseAppLauncher.java:107)
	at org.eclipse.core.runtime.adaptor.EclipseStarter.run(EclipseStarter.java:401)
	at org.eclipse.core.runtime.adaptor.EclipseStarter.run(EclipseStarter.java:255)
	at java.base/jdk.internal.reflect.NativeMethodAccessorImpl.invoke0(Native Method)
	at java.base/jdk.internal.reflect.NativeMethodAccessorImpl.invoke(NativeMethodAccessorImpl.java:62)
	at java.base/jdk.internal.reflect.DelegatingMethodAccessorImpl.invoke(DelegatingMethodAccessorImpl.java:43)
	at java.base/java.lang.reflect.Method.invoke(Method.java:566)
	at org.eclipse.equinox.launcher.Main.invokeFramework(Main.java:657)
	at org.eclipse.equinox.launcher.Main.basicRun(Main.java:594)
	at org.eclipse.equinox.launcher.Main.run(Main.java:1447)
	at org.eclipse.equinox.launcher.Main.main(Main.java:1420)
WARN  19:25:59,989 [main] (EditorAPI.java:505) Could not calculate the line offset for the given text position [TextPosition - line number: 16, in-line offset: 51] in the document org.eclipse.core.internal.filebuffers.SynchronizableDocument@3aec7b61
org.eclipse.jface.text.BadLocationException
	at org.eclipse.jface.text.TreeLineTracker.fail(TreeLineTracker.java:1054)
	at org.eclipse.jface.text.TreeLineTracker.offsetByLine(TreeLineTracker.java:335)
	at org.eclipse.jface.text.TreeLineTracker.getLineOffset(TreeLineTracker.java:1111)
	at org.eclipse.jface.text.AbstractLineTracker.getLineOffset(AbstractLineTracker.java:161)
	at org.eclipse.jface.text.AbstractDocument.getLineOffset(AbstractDocument.java:877)
	at org.eclipse.core.internal.filebuffers.SynchronizableDocument.getLineOffset(SynchronizableDocument.java:323)
	at saros.editor.internal.EditorAPI.calculateOffsetInternal(EditorAPI.java:502)
	at saros.editor.internal.EditorAPI.calculateOffsets(EditorAPI.java:561)
	at saros.editor.internal.LocationAnnotationManager.setSelection(LocationAnnotationManager.java:215)
	at saros.editor.EditorManager$2.receive(EditorManager.java:207)
	at saros.activities.TextSelectionActivity.dispatch(TextSelectionActivity.java:150)
	at saros.session.AbstractActivityConsumer.exec(AbstractActivityConsumer.java:79)
	at saros.editor.EditorManager$2.exec(EditorManager.java:186)
	at saros.session.internal.SarosSession$2.execute(SarosSession.java:193)
	at saros.session.internal.ActivityHandler$3.run(ActivityHandler.java:358)
	at saros.util.ThreadUtils$1.run(ThreadUtils.java:34)
	at org.eclipse.swt.widgets.RunnableLock.run(RunnableLock.java:40)
	at org.eclipse.swt.widgets.Synchronizer.runAsyncMessages(Synchronizer.java:185)
	at org.eclipse.swt.widgets.Display.runAsyncMessages(Display.java:4928)
	at org.eclipse.swt.widgets.Display.readAndDispatch(Display.java:4449)
	at org.eclipse.e4.ui.internal.workbench.swt.PartRenderingEngine$5.run(PartRenderingEngine.java:1158)
	at org.eclipse.core.databinding.observable.Realm.runWithDefault(Realm.java:338)
	at org.eclipse.e4.ui.internal.workbench.swt.PartRenderingEngine.run(PartRenderingEngine.java:1047)
	at org.eclipse.e4.ui.internal.workbench.E4Workbench.createAndRunUI(E4Workbench.java:155)
	at org.eclipse.ui.internal.Workbench.lambda$3(Workbench.java:658)
	at org.eclipse.core.databinding.observable.Realm.runWithDefault(Realm.java:338)
	at org.eclipse.ui.internal.Workbench.createAndRunWorkbench(Workbench.java:557)
	at org.eclipse.ui.PlatformUI.createAndRunWorkbench(PlatformUI.java:154)
	at org.eclipse.ui.internal.ide.application.IDEApplication.start(IDEApplication.java:150)
	at org.eclipse.equinox.internal.app.EclipseAppHandle.run(EclipseAppHandle.java:203)
	at org.eclipse.core.runtime.internal.adaptor.EclipseAppLauncher.runApplication(EclipseAppLauncher.java:137)
	at org.eclipse.core.runtime.internal.adaptor.EclipseAppLauncher.start(EclipseAppLauncher.java:107)
	at org.eclipse.core.runtime.adaptor.EclipseStarter.run(EclipseStarter.java:401)
	at org.eclipse.core.runtime.adaptor.EclipseStarter.run(EclipseStarter.java:255)
	at java.base/jdk.internal.reflect.NativeMethodAccessorImpl.invoke0(Native Method)
	at java.base/jdk.internal.reflect.NativeMethodAccessorImpl.invoke(NativeMethodAccessorImpl.java:62)
	at java.base/jdk.internal.reflect.DelegatingMethodAccessorImpl.invoke(DelegatingMethodAccessorImpl.java:43)
	at java.base/java.lang.reflect.Method.invoke(Method.java:566)
	at org.eclipse.equinox.launcher.Main.invokeFramework(Main.java:657)
	at org.eclipse.equinox.launcher.Main.basicRun(Main.java:594)
	at org.eclipse.equinox.launcher.Main.run(Main.java:1447)
	at org.eclipse.equinox.launcher.Main.main(Main.java:1420)
ERROR 19:25:59,990 [main] (SarosSession.java:195) error while invoking active activity consumer: saros.editor.EditorManager$2@649d9c9, activity: TextSelectionActivity(start line: 16, in-line offset: 51, end line: 16, in-line offset: 51, src: jk1452@saros-con.imp.fu-berlin.de/Saros, path: SPath [project=P/GrapplingHook (EclipseProjectImpl), projectRelativePath=src/plugin/grapplingHook/GrapplingHook.java])
org.eclipse.core.runtime.AssertionFailedException: assertion failed: 
	at org.eclipse.core.runtime.Assert.isTrue(Assert.java:113)
	at org.eclipse.core.runtime.Assert.isTrue(Assert.java:99)
	at org.eclipse.jface.text.Position.<init>(Position.java:65)
	at saros.editor.internal.LocationAnnotationManager.setSelection(LocationAnnotationManager.java:247)
	at saros.editor.EditorManager$2.receive(EditorManager.java:207)
	at saros.activities.TextSelectionActivity.dispatch(TextSelectionActivity.java:150)
	at saros.session.AbstractActivityConsumer.exec(AbstractActivityConsumer.java:79)
	at saros.editor.EditorManager$2.exec(EditorManager.java:186)
	at saros.session.internal.SarosSession$2.execute(SarosSession.java:193)
	at saros.session.internal.ActivityHandler$3.run(ActivityHandler.java:358)
	at saros.util.ThreadUtils$1.run(ThreadUtils.java:34)
	at org.eclipse.swt.widgets.RunnableLock.run(RunnableLock.java:40)
	at org.eclipse.swt.widgets.Synchronizer.runAsyncMessages(Synchronizer.java:185)
	at org.eclipse.swt.widgets.Display.runAsyncMessages(Display.java:4928)
	at org.eclipse.swt.widgets.Display.readAndDispatch(Display.java:4449)
	at org.eclipse.e4.ui.internal.workbench.swt.PartRenderingEngine$5.run(PartRenderingEngine.java:1158)
	at org.eclipse.core.databinding.observable.Realm.runWithDefault(Realm.java:338)
	at org.eclipse.e4.ui.internal.workbench.swt.PartRenderingEngine.run(PartRenderingEngine.java:1047)
	at org.eclipse.e4.ui.internal.workbench.E4Workbench.createAndRunUI(E4Workbench.java:155)
	at org.eclipse.ui.internal.Workbench.lambda$3(Workbench.java:658)
	at org.eclipse.core.databinding.observable.Realm.runWithDefault(Realm.java:338)
	at org.eclipse.ui.internal.Workbench.createAndRunWorkbench(Workbench.java:557)
	at org.eclipse.ui.PlatformUI.createAndRunWorkbench(PlatformUI.java:154)
	at org.eclipse.ui.internal.ide.application.IDEApplication.start(IDEApplication.java:150)
	at org.eclipse.equinox.internal.app.EclipseAppHandle.run(EclipseAppHandle.java:203)
	at org.eclipse.core.runtime.internal.adaptor.EclipseAppLauncher.runApplication(EclipseAppLauncher.java:137)
	at org.eclipse.core.runtime.internal.adaptor.EclipseAppLauncher.start(EclipseAppLauncher.java:107)
	at org.eclipse.core.runtime.adaptor.EclipseStarter.run(EclipseStarter.java:401)
	at org.eclipse.core.runtime.adaptor.EclipseStarter.run(EclipseStarter.java:255)
	at java.base/jdk.internal.reflect.NativeMethodAccessorImpl.invoke0(Native Method)
	at java.base/jdk.internal.reflect.NativeMethodAccessorImpl.invoke(NativeMethodAccessorImpl.java:62)
	at java.base/jdk.internal.reflect.DelegatingMethodAccessorImpl.invoke(DelegatingMethodAccessorImpl.java:43)
	at java.base/java.lang.reflect.Method.invoke(Method.java:566)
	at org.eclipse.equinox.launcher.Main.invokeFramework(Main.java:657)
	at org.eclipse.equinox.launcher.Main.basicRun(Main.java:594)
	at org.eclipse.equinox.launcher.Main.run(Main.java:1447)
	at org.eclipse.equinox.launcher.Main.main(Main.java:1420)
WARN  19:26:00,084 [main] (EditorAPI.java:505) Could not calculate the line offset for the given text position [TextPosition - line number: 16, in-line offset: 52] in the document org.eclipse.core.internal.filebuffers.SynchronizableDocument@3aec7b61
org.eclipse.jface.text.BadLocationException
	at org.eclipse.jface.text.TreeLineTracker.fail(TreeLineTracker.java:1054)
	at org.eclipse.jface.text.TreeLineTracker.offsetByLine(TreeLineTracker.java:335)
	at org.eclipse.jface.text.TreeLineTracker.getLineOffset(TreeLineTracker.java:1111)
	at org.eclipse.jface.text.AbstractLineTracker.getLineOffset(AbstractLineTracker.java:161)
	at org.eclipse.jface.text.AbstractDocument.getLineOffset(AbstractDocument.java:877)
	at org.eclipse.core.internal.filebuffers.SynchronizableDocument.getLineOffset(SynchronizableDocument.java:323)
	at saros.editor.internal.EditorAPI.calculateOffsetInternal(EditorAPI.java:502)
	at saros.editor.internal.EditorAPI.calculateOffsets(EditorAPI.java:561)
	at saros.editor.internal.LocationAnnotationManager.setSelection(LocationAnnotationManager.java:215)
	at saros.editor.EditorManager$2.receive(EditorManager.java:207)
	at saros.activities.TextSelectionActivity.dispatch(TextSelectionActivity.java:150)
	at saros.session.AbstractActivityConsumer.exec(AbstractActivityConsumer.java:79)
	at saros.editor.EditorManager$2.exec(EditorManager.java:186)
	at saros.session.internal.SarosSession$2.execute(SarosSession.java:193)
	at saros.session.internal.ActivityHandler$3.run(ActivityHandler.java:358)
	at saros.util.ThreadUtils$1.run(ThreadUtils.java:34)
	at org.eclipse.swt.widgets.RunnableLock.run(RunnableLock.java:40)
	at org.eclipse.swt.widgets.Synchronizer.runAsyncMessages(Synchronizer.java:185)
	at org.eclipse.swt.widgets.Display.runAsyncMessages(Display.java:4928)
	at org.eclipse.swt.widgets.Display.readAndDispatch(Display.java:4449)
	at org.eclipse.e4.ui.internal.workbench.swt.PartRenderingEngine$5.run(PartRenderingEngine.java:1158)
	at org.eclipse.core.databinding.observable.Realm.runWithDefault(Realm.java:338)
	at org.eclipse.e4.ui.internal.workbench.swt.PartRenderingEngine.run(PartRenderingEngine.java:1047)
	at org.eclipse.e4.ui.internal.workbench.E4Workbench.createAndRunUI(E4Workbench.java:155)
	at org.eclipse.ui.internal.Workbench.lambda$3(Workbench.java:658)
	at org.eclipse.core.databinding.observable.Realm.runWithDefault(Realm.java:338)
	at org.eclipse.ui.internal.Workbench.createAndRunWorkbench(Workbench.java:557)
	at org.eclipse.ui.PlatformUI.createAndRunWorkbench(PlatformUI.java:154)
	at org.eclipse.ui.internal.ide.application.IDEApplication.start(IDEApplication.java:150)
	at org.eclipse.equinox.internal.app.EclipseAppHandle.run(EclipseAppHandle.java:203)
	at org.eclipse.core.runtime.internal.adaptor.EclipseAppLauncher.runApplication(EclipseAppLauncher.java:137)
	at org.eclipse.core.runtime.internal.adaptor.EclipseAppLauncher.start(EclipseAppLauncher.java:107)
	at org.eclipse.core.runtime.adaptor.EclipseStarter.run(EclipseStarter.java:401)
	at org.eclipse.core.runtime.adaptor.EclipseStarter.run(EclipseStarter.java:255)
	at java.base/jdk.internal.reflect.NativeMethodAccessorImpl.invoke0(Native Method)
	at java.base/jdk.internal.reflect.NativeMethodAccessorImpl.invoke(NativeMethodAccessorImpl.java:62)
	at java.base/jdk.internal.reflect.DelegatingMethodAccessorImpl.invoke(DelegatingMethodAccessorImpl.java:43)
	at java.base/java.lang.reflect.Method.invoke(Method.java:566)
	at org.eclipse.equinox.launcher.Main.invokeFramework(Main.java:657)
	at org.eclipse.equinox.launcher.Main.basicRun(Main.java:594)
	at org.eclipse.equinox.launcher.Main.run(Main.java:1447)
	at org.eclipse.equinox.launcher.Main.main(Main.java:1420)
ERROR 19:26:00,086 [main] (SarosSession.java:195) error while invoking active activity consumer: saros.editor.EditorManager$2@649d9c9, activity: TextSelectionActivity(start line: 16, in-line offset: 52, end line: 16, in-line offset: 52, src: jk1452@saros-con.imp.fu-berlin.de/Saros, path: SPath [project=P/GrapplingHook (EclipseProjectImpl), projectRelativePath=src/plugin/grapplingHook/GrapplingHook.java])
org.eclipse.core.runtime.AssertionFailedException: assertion failed: 
	at org.eclipse.core.runtime.Assert.isTrue(Assert.java:113)
	at org.eclipse.core.runtime.Assert.isTrue(Assert.java:99)
	at org.eclipse.jface.text.Position.<init>(Position.java:65)
	at saros.editor.internal.LocationAnnotationManager.setSelection(LocationAnnotationManager.java:247)
	at saros.editor.EditorManager$2.receive(EditorManager.java:207)
	at saros.activities.TextSelectionActivity.dispatch(TextSelectionActivity.java:150)
	at saros.session.AbstractActivityConsumer.exec(AbstractActivityConsumer.java:79)
	at saros.editor.EditorManager$2.exec(EditorManager.java:186)
	at saros.session.internal.SarosSession$2.execute(SarosSession.java:193)
	at saros.session.internal.ActivityHandler$3.run(ActivityHandler.java:358)
	at saros.util.ThreadUtils$1.run(ThreadUtils.java:34)
	at org.eclipse.swt.widgets.RunnableLock.run(RunnableLock.java:40)
	at org.eclipse.swt.widgets.Synchronizer.runAsyncMessages(Synchronizer.java:185)
	at org.eclipse.swt.widgets.Display.runAsyncMessages(Display.java:4928)
	at org.eclipse.swt.widgets.Display.readAndDispatch(Display.java:4449)
	at org.eclipse.e4.ui.internal.workbench.swt.PartRenderingEngine$5.run(PartRenderingEngine.java:1158)
	at org.eclipse.core.databinding.observable.Realm.runWithDefault(Realm.java:338)
	at org.eclipse.e4.ui.internal.workbench.swt.PartRenderingEngine.run(PartRenderingEngine.java:1047)
	at org.eclipse.e4.ui.internal.workbench.E4Workbench.createAndRunUI(E4Workbench.java:155)
	at org.eclipse.ui.internal.Workbench.lambda$3(Workbench.java:658)
	at org.eclipse.core.databinding.observable.Realm.runWithDefault(Realm.java:338)
	at org.eclipse.ui.internal.Workbench.createAndRunWorkbench(Workbench.java:557)
	at org.eclipse.ui.PlatformUI.createAndRunWorkbench(PlatformUI.java:154)
	at org.eclipse.ui.internal.ide.application.IDEApplication.start(IDEApplication.java:150)
	at org.eclipse.equinox.internal.app.EclipseAppHandle.run(EclipseAppHandle.java:203)
	at org.eclipse.core.runtime.internal.adaptor.EclipseAppLauncher.runApplication(EclipseAppLauncher.java:137)
	at org.eclipse.core.runtime.internal.adaptor.EclipseAppLauncher.start(EclipseAppLauncher.java:107)
	at org.eclipse.core.runtime.adaptor.EclipseStarter.run(EclipseStarter.java:401)
	at org.eclipse.core.runtime.adaptor.EclipseStarter.run(EclipseStarter.java:255)
	at java.base/jdk.internal.reflect.NativeMethodAccessorImpl.invoke0(Native Method)
	at java.base/jdk.internal.reflect.NativeMethodAccessorImpl.invoke(NativeMethodAccessorImpl.java:62)
	at java.base/jdk.internal.reflect.DelegatingMethodAccessorImpl.invoke(DelegatingMethodAccessorImpl.java:43)
	at java.base/java.lang.reflect.Method.invoke(Method.java:566)
	at org.eclipse.equinox.launcher.Main.invokeFramework(Main.java:657)
	at org.eclipse.equinox.launcher.Main.basicRun(Main.java:594)
	at org.eclipse.equinox.launcher.Main.run(Main.java:1447)
	at org.eclipse.equinox.launcher.Main.main(Main.java:1420)
WARN  19:26:01,084 [main] (EditorAPI.java:505) Could not calculate the line offset for the given text position [TextPosition - line number: 16, in-line offset: 0] in the document org.eclipse.core.internal.filebuffers.SynchronizableDocument@3aec7b61
org.eclipse.jface.text.BadLocationException
	at org.eclipse.jface.text.TreeLineTracker.fail(TreeLineTracker.java:1054)
	at org.eclipse.jface.text.TreeLineTracker.offsetByLine(TreeLineTracker.java:335)
	at org.eclipse.jface.text.TreeLineTracker.getLineOffset(TreeLineTracker.java:1111)
	at org.eclipse.jface.text.AbstractLineTracker.getLineOffset(AbstractLineTracker.java:161)
	at org.eclipse.jface.text.AbstractDocument.getLineOffset(AbstractDocument.java:877)
	at org.eclipse.core.internal.filebuffers.SynchronizableDocument.getLineOffset(SynchronizableDocument.java:323)
	at saros.editor.internal.EditorAPI.calculateOffsetInternal(EditorAPI.java:502)
	at saros.editor.internal.EditorAPI.calculateOffsets(EditorAPI.java:561)
	at saros.editor.internal.LocationAnnotationManager.setSelection(LocationAnnotationManager.java:215)
	at saros.editor.EditorManager$2.receive(EditorManager.java:207)
	at saros.activities.TextSelectionActivity.dispatch(TextSelectionActivity.java:150)
	at saros.session.AbstractActivityConsumer.exec(AbstractActivityConsumer.java:79)
	at saros.editor.EditorManager$2.exec(EditorManager.java:186)
	at saros.session.internal.SarosSession$2.execute(SarosSession.java:193)
	at saros.session.internal.ActivityHandler$3.run(ActivityHandler.java:358)
	at saros.util.ThreadUtils$1.run(ThreadUtils.java:34)
	at org.eclipse.swt.widgets.RunnableLock.run(RunnableLock.java:40)
	at org.eclipse.swt.widgets.Synchronizer.runAsyncMessages(Synchronizer.java:185)
	at org.eclipse.swt.widgets.Display.runAsyncMessages(Display.java:4928)
	at org.eclipse.swt.widgets.Display.readAndDispatch(Display.java:4449)
	at org.eclipse.e4.ui.internal.workbench.swt.PartRenderingEngine$5.run(PartRenderingEngine.java:1158)
	at org.eclipse.core.databinding.observable.Realm.runWithDefault(Realm.java:338)
	at org.eclipse.e4.ui.internal.workbench.swt.PartRenderingEngine.run(PartRenderingEngine.java:1047)
	at org.eclipse.e4.ui.internal.workbench.E4Workbench.createAndRunUI(E4Workbench.java:155)
	at org.eclipse.ui.internal.Workbench.lambda$3(Workbench.java:658)
	at org.eclipse.core.databinding.observable.Realm.runWithDefault(Realm.java:338)
	at org.eclipse.ui.internal.Workbench.createAndRunWorkbench(Workbench.java:557)
	at org.eclipse.ui.PlatformUI.createAndRunWorkbench(PlatformUI.java:154)
	at org.eclipse.ui.internal.ide.application.IDEApplication.start(IDEApplication.java:150)
	at org.eclipse.equinox.internal.app.EclipseAppHandle.run(EclipseAppHandle.java:203)
	at org.eclipse.core.runtime.internal.adaptor.EclipseAppLauncher.runApplication(EclipseAppLauncher.java:137)
	at org.eclipse.core.runtime.internal.adaptor.EclipseAppLauncher.start(EclipseAppLauncher.java:107)
	at org.eclipse.core.runtime.adaptor.EclipseStarter.run(EclipseStarter.java:401)
	at org.eclipse.core.runtime.adaptor.EclipseStarter.run(EclipseStarter.java:255)
	at java.base/jdk.internal.reflect.NativeMethodAccessorImpl.invoke0(Native Method)
	at java.base/jdk.internal.reflect.NativeMethodAccessorImpl.invoke(NativeMethodAccessorImpl.java:62)
	at java.base/jdk.internal.reflect.DelegatingMethodAccessorImpl.invoke(DelegatingMethodAccessorImpl.java:43)
	at java.base/java.lang.reflect.Method.invoke(Method.java:566)
	at org.eclipse.equinox.launcher.Main.invokeFramework(Main.java:657)
	at org.eclipse.equinox.launcher.Main.basicRun(Main.java:594)
	at org.eclipse.equinox.launcher.Main.run(Main.java:1447)
	at org.eclipse.equinox.launcher.Main.main(Main.java:1420)
ERROR 19:26:01,085 [main] (SarosSession.java:195) error while invoking active activity consumer: saros.editor.EditorManager$2@649d9c9, activity: TextSelectionActivity(start line: 16, in-line offset: 0, end line: 16, in-line offset: 0, src: jk1452@saros-con.imp.fu-berlin.de/Saros, path: SPath [project=P/GrapplingHook (EclipseProjectImpl), projectRelativePath=src/plugin/grapplingHook/GrapplingHook.java])
org.eclipse.core.runtime.AssertionFailedException: assertion failed: 
	at org.eclipse.core.runtime.Assert.isTrue(Assert.java:113)
	at org.eclipse.core.runtime.Assert.isTrue(Assert.java:99)
	at org.eclipse.jface.text.Position.<init>(Position.java:65)
	at saros.editor.internal.LocationAnnotationManager.setSelection(LocationAnnotationManager.java:247)
	at saros.editor.EditorManager$2.receive(EditorManager.java:207)
	at saros.activities.TextSelectionActivity.dispatch(TextSelectionActivity.java:150)
	at saros.session.AbstractActivityConsumer.exec(AbstractActivityConsumer.java:79)
	at saros.editor.EditorManager$2.exec(EditorManager.java:186)
	at saros.session.internal.SarosSession$2.execute(SarosSession.java:193)
	at saros.session.internal.ActivityHandler$3.run(ActivityHandler.java:358)
	at saros.util.ThreadUtils$1.run(ThreadUtils.java:34)
	at org.eclipse.swt.widgets.RunnableLock.run(RunnableLock.java:40)
	at org.eclipse.swt.widgets.Synchronizer.runAsyncMessages(Synchronizer.java:185)
	at org.eclipse.swt.widgets.Display.runAsyncMessages(Display.java:4928)
	at org.eclipse.swt.widgets.Display.readAndDispatch(Display.java:4449)
	at org.eclipse.e4.ui.internal.workbench.swt.PartRenderingEngine$5.run(PartRenderingEngine.java:1158)
	at org.eclipse.core.databinding.observable.Realm.runWithDefault(Realm.java:338)
	at org.eclipse.e4.ui.internal.workbench.swt.PartRenderingEngine.run(PartRenderingEngine.java:1047)
	at org.eclipse.e4.ui.internal.workbench.E4Workbench.createAndRunUI(E4Workbench.java:155)
	at org.eclipse.ui.internal.Workbench.lambda$3(Workbench.java:658)
	at org.eclipse.core.databinding.observable.Realm.runWithDefault(Realm.java:338)
	at org.eclipse.ui.internal.Workbench.createAndRunWorkbench(Workbench.java:557)
	at org.eclipse.ui.PlatformUI.createAndRunWorkbench(PlatformUI.java:154)
	at org.eclipse.ui.internal.ide.application.IDEApplication.start(IDEApplication.java:150)
	at org.eclipse.equinox.internal.app.EclipseAppHandle.run(EclipseAppHandle.java:203)
	at org.eclipse.core.runtime.internal.adaptor.EclipseAppLauncher.runApplication(EclipseAppLauncher.java:137)
	at org.eclipse.core.runtime.internal.adaptor.EclipseAppLauncher.start(EclipseAppLauncher.java:107)
	at org.eclipse.core.runtime.adaptor.EclipseStarter.run(EclipseStarter.java:401)
	at org.eclipse.core.runtime.adaptor.EclipseStarter.run(EclipseStarter.java:255)
	at java.base/jdk.internal.reflect.NativeMethodAccessorImpl.invoke0(Native Method)
	at java.base/jdk.internal.reflect.NativeMethodAccessorImpl.invoke(NativeMethodAccessorImpl.java:62)
	at java.base/jdk.internal.reflect.DelegatingMethodAccessorImpl.invoke(DelegatingMethodAccessorImpl.java:43)
	at java.base/java.lang.reflect.Method.invoke(Method.java:566)
	at org.eclipse.equinox.launcher.Main.invokeFramework(Main.java:657)
	at org.eclipse.equinox.launcher.Main.basicRun(Main.java:594)
	at org.eclipse.equinox.launcher.Main.run(Main.java:1447)
	at org.eclipse.equinox.launcher.Main.main(Main.java:1420)
WARN  19:26:05,063 [main] (EditorAPI.java:505) Could not calculate the line offset for the given text position [TextPosition - line number: 16, in-line offset: 2] in the document org.eclipse.core.internal.filebuffers.SynchronizableDocument@3aec7b61
org.eclipse.jface.text.BadLocationException
	at org.eclipse.jface.text.TreeLineTracker.fail(TreeLineTracker.java:1054)
	at org.eclipse.jface.text.TreeLineTracker.offsetByLine(TreeLineTracker.java:335)
	at org.eclipse.jface.text.TreeLineTracker.getLineOffset(TreeLineTracker.java:1111)
	at org.eclipse.jface.text.AbstractLineTracker.getLineOffset(AbstractLineTracker.java:161)
	at org.eclipse.jface.text.AbstractDocument.getLineOffset(AbstractDocument.java:877)
	at org.eclipse.core.internal.filebuffers.SynchronizableDocument.getLineOffset(SynchronizableDocument.java:323)
	at saros.editor.internal.EditorAPI.calculateOffsetInternal(EditorAPI.java:502)
	at saros.editor.internal.EditorAPI.calculateOffsets(EditorAPI.java:561)
	at saros.editor.internal.LocationAnnotationManager.setSelection(LocationAnnotationManager.java:215)
	at saros.editor.EditorManager$2.receive(EditorManager.java:207)
	at saros.activities.TextSelectionActivity.dispatch(TextSelectionActivity.java:150)
	at saros.session.AbstractActivityConsumer.exec(AbstractActivityConsumer.java:79)
	at saros.editor.EditorManager$2.exec(EditorManager.java:186)
	at saros.session.internal.SarosSession$2.execute(SarosSession.java:193)
	at saros.session.internal.ActivityHandler$3.run(ActivityHandler.java:358)
	at saros.util.ThreadUtils$1.run(ThreadUtils.java:34)
	at org.eclipse.swt.widgets.RunnableLock.run(RunnableLock.java:40)
	at org.eclipse.swt.widgets.Synchronizer.runAsyncMessages(Synchronizer.java:185)
	at org.eclipse.swt.widgets.Display.runAsyncMessages(Display.java:4928)
	at org.eclipse.swt.widgets.Display.readAndDispatch(Display.java:4449)
	at org.eclipse.e4.ui.internal.workbench.swt.PartRenderingEngine$5.run(PartRenderingEngine.java:1158)
	at org.eclipse.core.databinding.observable.Realm.runWithDefault(Realm.java:338)
	at org.eclipse.e4.ui.internal.workbench.swt.PartRenderingEngine.run(PartRenderingEngine.java:1047)
	at org.eclipse.e4.ui.internal.workbench.E4Workbench.createAndRunUI(E4Workbench.java:155)
	at org.eclipse.ui.internal.Workbench.lambda$3(Workbench.java:658)
	at org.eclipse.core.databinding.observable.Realm.runWithDefault(Realm.java:338)
	at org.eclipse.ui.internal.Workbench.createAndRunWorkbench(Workbench.java:557)
	at org.eclipse.ui.PlatformUI.createAndRunWorkbench(PlatformUI.java:154)
	at org.eclipse.ui.internal.ide.application.IDEApplication.start(IDEApplication.java:150)
	at org.eclipse.equinox.internal.app.EclipseAppHandle.run(EclipseAppHandle.java:203)
	at org.eclipse.core.runtime.internal.adaptor.EclipseAppLauncher.runApplication(EclipseAppLauncher.java:137)
	at org.eclipse.core.runtime.internal.adaptor.EclipseAppLauncher.start(EclipseAppLauncher.java:107)
	at org.eclipse.core.runtime.adaptor.EclipseStarter.run(EclipseStarter.java:401)
	at org.eclipse.core.runtime.adaptor.EclipseStarter.run(EclipseStarter.java:255)
	at java.base/jdk.internal.reflect.NativeMethodAccessorImpl.invoke0(Native Method)
	at java.base/jdk.internal.reflect.NativeMethodAccessorImpl.invoke(NativeMethodAccessorImpl.java:62)
	at java.base/jdk.internal.reflect.DelegatingMethodAccessorImpl.invoke(DelegatingMethodAccessorImpl.java:43)
	at java.base/java.lang.reflect.Method.invoke(Method.java:566)
	at org.eclipse.equinox.launcher.Main.invokeFramework(Main.java:657)
	at org.eclipse.equinox.launcher.Main.basicRun(Main.java:594)
	at org.eclipse.equinox.launcher.Main.run(Main.java:1447)
	at org.eclipse.equinox.launcher.Main.main(Main.java:1420)
ERROR 19:26:05,064 [main] (SarosSession.java:195) error while invoking active activity consumer: saros.editor.EditorManager$2@649d9c9, activity: TextSelectionActivity(start line: 16, in-line offset: 2, end line: 16, in-line offset: 2, src: jk1452@saros-con.imp.fu-berlin.de/Saros, path: SPath [project=P/GrapplingHook (EclipseProjectImpl), projectRelativePath=src/plugin/grapplingHook/GrapplingHook.java])
org.eclipse.core.runtime.AssertionFailedException: assertion failed: 
	at org.eclipse.core.runtime.Assert.isTrue(Assert.java:113)
	at org.eclipse.core.runtime.Assert.isTrue(Assert.java:99)
	at org.eclipse.jface.text.Position.<init>(Position.java:65)
	at saros.editor.internal.LocationAnnotationManager.setSelection(LocationAnnotationManager.java:247)
	at saros.editor.EditorManager$2.receive(EditorManager.java:207)
	at saros.activities.TextSelectionActivity.dispatch(TextSelectionActivity.java:150)
	at saros.session.AbstractActivityConsumer.exec(AbstractActivityConsumer.java:79)
	at saros.editor.EditorManager$2.exec(EditorManager.java:186)
	at saros.session.internal.SarosSession$2.execute(SarosSession.java:193)
	at saros.session.internal.ActivityHandler$3.run(ActivityHandler.java:358)
	at saros.util.ThreadUtils$1.run(ThreadUtils.java:34)
	at org.eclipse.swt.widgets.RunnableLock.run(RunnableLock.java:40)
	at org.eclipse.swt.widgets.Synchronizer.runAsyncMessages(Synchronizer.java:185)
	at org.eclipse.swt.widgets.Display.runAsyncMessages(Display.java:4928)
	at org.eclipse.swt.widgets.Display.readAndDispatch(Display.java:4449)
	at org.eclipse.e4.ui.internal.workbench.swt.PartRenderingEngine$5.run(PartRenderingEngine.java:1158)
	at org.eclipse.core.databinding.observable.Realm.runWithDefault(Realm.java:338)
	at org.eclipse.e4.ui.internal.workbench.swt.PartRenderingEngine.run(PartRenderingEngine.java:1047)
	at org.eclipse.e4.ui.internal.workbench.E4Workbench.createAndRunUI(E4Workbench.java:155)
	at org.eclipse.ui.internal.Workbench.lambda$3(Workbench.java:658)
	at org.eclipse.core.databinding.observable.Realm.runWithDefault(Realm.java:338)
	at org.eclipse.ui.internal.Workbench.createAndRunWorkbench(Workbench.java:557)
	at org.eclipse.ui.PlatformUI.createAndRunWorkbench(PlatformUI.java:154)
	at org.eclipse.ui.internal.ide.application.IDEApplication.start(IDEApplication.java:150)
	at org.eclipse.equinox.internal.app.EclipseAppHandle.run(EclipseAppHandle.java:203)
	at org.eclipse.core.runtime.internal.adaptor.EclipseAppLauncher.runApplication(EclipseAppLauncher.java:137)
	at org.eclipse.core.runtime.internal.adaptor.EclipseAppLauncher.start(EclipseAppLauncher.java:107)
	at org.eclipse.core.runtime.adaptor.EclipseStarter.run(EclipseStarter.java:401)
	at org.eclipse.core.runtime.adaptor.EclipseStarter.run(EclipseStarter.java:255)
	at java.base/jdk.internal.reflect.NativeMethodAccessorImpl.invoke0(Native Method)
	at java.base/jdk.internal.reflect.NativeMethodAccessorImpl.invoke(NativeMethodAccessorImpl.java:62)
	at java.base/jdk.internal.reflect.DelegatingMethodAccessorImpl.invoke(DelegatingMethodAccessorImpl.java:43)
	at java.base/java.lang.reflect.Method.invoke(Method.java:566)
	at org.eclipse.equinox.launcher.Main.invokeFramework(Main.java:657)
	at org.eclipse.equinox.launcher.Main.basicRun(Main.java:594)
	at org.eclipse.equinox.launcher.Main.run(Main.java:1447)
	at org.eclipse.equinox.launcher.Main.main(Main.java:1420)
WARN  19:26:05,176 [main] (EditorAPI.java:505) Could not calculate the line offset for the given text position [TextPosition - line number: 16, in-line offset: 3] in the document org.eclipse.core.internal.filebuffers.SynchronizableDocument@3aec7b61
org.eclipse.jface.text.BadLocationException
	at org.eclipse.jface.text.TreeLineTracker.fail(TreeLineTracker.java:1054)
	at org.eclipse.jface.text.TreeLineTracker.offsetByLine(TreeLineTracker.java:335)
	at org.eclipse.jface.text.TreeLineTracker.getLineOffset(TreeLineTracker.java:1111)
	at org.eclipse.jface.text.AbstractLineTracker.getLineOffset(AbstractLineTracker.java:161)
	at org.eclipse.jface.text.AbstractDocument.getLineOffset(AbstractDocument.java:877)
	at org.eclipse.core.internal.filebuffers.SynchronizableDocument.getLineOffset(SynchronizableDocument.java:323)
	at saros.editor.internal.EditorAPI.calculateOffsetInternal(EditorAPI.java:502)
	at saros.editor.internal.EditorAPI.calculateOffsets(EditorAPI.java:561)
	at saros.editor.internal.LocationAnnotationManager.setSelection(LocationAnnotationManager.java:215)
	at saros.editor.EditorManager$2.receive(EditorManager.java:207)
	at saros.activities.TextSelectionActivity.dispatch(TextSelectionActivity.java:150)
	at saros.session.AbstractActivityConsumer.exec(AbstractActivityConsumer.java:79)
	at saros.editor.EditorManager$2.exec(EditorManager.java:186)
	at saros.session.internal.SarosSession$2.execute(SarosSession.java:193)
	at saros.session.internal.ActivityHandler$3.run(ActivityHandler.java:358)
	at saros.util.ThreadUtils$1.run(ThreadUtils.java:34)
	at org.eclipse.swt.widgets.RunnableLock.run(RunnableLock.java:40)
	at org.eclipse.swt.widgets.Synchronizer.runAsyncMessages(Synchronizer.java:185)
	at org.eclipse.swt.widgets.Display.runAsyncMessages(Display.java:4928)
	at org.eclipse.swt.widgets.Display.readAndDispatch(Display.java:4449)
	at org.eclipse.e4.ui.internal.workbench.swt.PartRenderingEngine$5.run(PartRenderingEngine.java:1158)
	at org.eclipse.core.databinding.observable.Realm.runWithDefault(Realm.java:338)
	at org.eclipse.e4.ui.internal.workbench.swt.PartRenderingEngine.run(PartRenderingEngine.java:1047)
	at org.eclipse.e4.ui.internal.workbench.E4Workbench.createAndRunUI(E4Workbench.java:155)
	at org.eclipse.ui.internal.Workbench.lambda$3(Workbench.java:658)
	at org.eclipse.core.databinding.observable.Realm.runWithDefault(Realm.java:338)
	at org.eclipse.ui.internal.Workbench.createAndRunWorkbench(Workbench.java:557)
	at org.eclipse.ui.PlatformUI.createAndRunWorkbench(PlatformUI.java:154)
	at org.eclipse.ui.internal.ide.application.IDEApplication.start(IDEApplication.java:150)
	at org.eclipse.equinox.internal.app.EclipseAppHandle.run(EclipseAppHandle.java:203)
	at org.eclipse.core.runtime.internal.adaptor.EclipseAppLauncher.runApplication(EclipseAppLauncher.java:137)
	at org.eclipse.core.runtime.internal.adaptor.EclipseAppLauncher.start(EclipseAppLauncher.java:107)
	at org.eclipse.core.runtime.adaptor.EclipseStarter.run(EclipseStarter.java:401)
	at org.eclipse.core.runtime.adaptor.EclipseStarter.run(EclipseStarter.java:255)
	at java.base/jdk.internal.reflect.NativeMethodAccessorImpl.invoke0(Native Method)
	at java.base/jdk.internal.reflect.NativeMethodAccessorImpl.invoke(NativeMethodAccessorImpl.java:62)
	at java.base/jdk.internal.reflect.DelegatingMethodAccessorImpl.invoke(DelegatingMethodAccessorImpl.java:43)
	at java.base/java.lang.reflect.Method.invoke(Method.java:566)
	at org.eclipse.equinox.launcher.Main.invokeFramework(Main.java:657)
	at org.eclipse.equinox.launcher.Main.basicRun(Main.java:594)
	at org.eclipse.equinox.launcher.Main.run(Main.java:1447)
	at org.eclipse.equinox.launcher.Main.main(Main.java:1420)
ERROR 19:26:05,176 [main] (SarosSession.java:195) error while invoking active activity consumer: saros.editor.EditorManager$2@649d9c9, activity: TextSelectionActivity(start line: 16, in-line offset: 3, end line: 16, in-line offset: 3, src: jk1452@saros-con.imp.fu-berlin.de/Saros, path: SPath [project=P/GrapplingHook (EclipseProjectImpl), projectRelativePath=src/plugin/grapplingHook/GrapplingHook.java])
org.eclipse.core.runtime.AssertionFailedException: assertion failed: 
	at org.eclipse.core.runtime.Assert.isTrue(Assert.java:113)
	at org.eclipse.core.runtime.Assert.isTrue(Assert.java:99)
	at org.eclipse.jface.text.Position.<init>(Position.java:65)
	at saros.editor.internal.LocationAnnotationManager.setSelection(LocationAnnotationManager.java:247)
	at saros.editor.EditorManager$2.receive(EditorManager.java:207)
	at saros.activities.TextSelectionActivity.dispatch(TextSelectionActivity.java:150)
	at saros.session.AbstractActivityConsumer.exec(AbstractActivityConsumer.java:79)
	at saros.editor.EditorManager$2.exec(EditorManager.java:186)
	at saros.session.internal.SarosSession$2.execute(SarosSession.java:193)
	at saros.session.internal.ActivityHandler$3.run(ActivityHandler.java:358)
	at saros.util.ThreadUtils$1.run(ThreadUtils.java:34)
	at org.eclipse.swt.widgets.RunnableLock.run(RunnableLock.java:40)
	at org.eclipse.swt.widgets.Synchronizer.runAsyncMessages(Synchronizer.java:185)
	at org.eclipse.swt.widgets.Display.runAsyncMessages(Display.java:4928)
	at org.eclipse.swt.widgets.Display.readAndDispatch(Display.java:4449)
	at org.eclipse.e4.ui.internal.workbench.swt.PartRenderingEngine$5.run(PartRenderingEngine.java:1158)
	at org.eclipse.core.databinding.observable.Realm.runWithDefault(Realm.java:338)
	at org.eclipse.e4.ui.internal.workbench.swt.PartRenderingEngine.run(PartRenderingEngine.java:1047)
	at org.eclipse.e4.ui.internal.workbench.E4Workbench.createAndRunUI(E4Workbench.java:155)
	at org.eclipse.ui.internal.Workbench.lambda$3(Workbench.java:658)
	at org.eclipse.core.databinding.observable.Realm.runWithDefault(Realm.java:338)
	at org.eclipse.ui.internal.Workbench.createAndRunWorkbench(Workbench.java:557)
	at org.eclipse.ui.PlatformUI.createAndRunWorkbench(PlatformUI.java:154)
	at org.eclipse.ui.internal.ide.application.IDEApplication.start(IDEApplication.java:150)
	at org.eclipse.equinox.internal.app.EclipseAppHandle.run(EclipseAppHandle.java:203)
	at org.eclipse.core.runtime.internal.adaptor.EclipseAppLauncher.runApplication(EclipseAppLauncher.java:137)
	at org.eclipse.core.runtime.internal.adaptor.EclipseAppLauncher.start(EclipseAppLauncher.java:107)
	at org.eclipse.core.runtime.adaptor.EclipseStarter.run(EclipseStarter.java:401)
	at org.eclipse.core.runtime.adaptor.EclipseStarter.run(EclipseStarter.java:255)
	at java.base/jdk.internal.reflect.NativeMethodAccessorImpl.invoke0(Native Method)
	at java.base/jdk.internal.reflect.NativeMethodAccessorImpl.invoke(NativeMethodAccessorImpl.java:62)
	at java.base/jdk.internal.reflect.DelegatingMethodAccessorImpl.invoke(DelegatingMethodAccessorImpl.java:43)
	at java.base/java.lang.reflect.Method.invoke(Method.java:566)
	at org.eclipse.equinox.launcher.Main.invokeFramework(Main.java:657)
	at org.eclipse.equinox.launcher.Main.basicRun(Main.java:594)
	at org.eclipse.equinox.launcher.Main.run(Main.java:1447)
	at org.eclipse.equinox.launcher.Main.main(Main.java:1420)
WARN  19:26:05,427 [main] (EditorAPI.java:505) Could not calculate the line offset for the given text position [TextPosition - line number: 16, in-line offset: 4] in the document org.eclipse.core.internal.filebuffers.SynchronizableDocument@3aec7b61
org.eclipse.jface.text.BadLocationException
	at org.eclipse.jface.text.TreeLineTracker.fail(TreeLineTracker.java:1054)
	at org.eclipse.jface.text.TreeLineTracker.offsetByLine(TreeLineTracker.java:335)
	at org.eclipse.jface.text.TreeLineTracker.getLineOffset(TreeLineTracker.java:1111)
	at org.eclipse.jface.text.AbstractLineTracker.getLineOffset(AbstractLineTracker.java:161)
	at org.eclipse.jface.text.AbstractDocument.getLineOffset(AbstractDocument.java:877)
	at org.eclipse.core.internal.filebuffers.SynchronizableDocument.getLineOffset(SynchronizableDocument.java:323)
	at saros.editor.internal.EditorAPI.calculateOffsetInternal(EditorAPI.java:502)
	at saros.editor.internal.EditorAPI.calculateOffsets(EditorAPI.java:561)
	at saros.editor.internal.LocationAnnotationManager.setSelection(LocationAnnotationManager.java:215)
	at saros.editor.EditorManager$2.receive(EditorManager.java:207)
	at saros.activities.TextSelectionActivity.dispatch(TextSelectionActivity.java:150)
	at saros.session.AbstractActivityConsumer.exec(AbstractActivityConsumer.java:79)
	at saros.editor.EditorManager$2.exec(EditorManager.java:186)
	at saros.session.internal.SarosSession$2.execute(SarosSession.java:193)
	at saros.session.internal.ActivityHandler$3.run(ActivityHandler.java:358)
	at saros.util.ThreadUtils$1.run(ThreadUtils.java:34)
	at org.eclipse.swt.widgets.RunnableLock.run(RunnableLock.java:40)
	at org.eclipse.swt.widgets.Synchronizer.runAsyncMessages(Synchronizer.java:185)
	at org.eclipse.swt.widgets.Display.runAsyncMessages(Display.java:4928)
	at org.eclipse.swt.widgets.Display.readAndDispatch(Display.java:4449)
	at org.eclipse.e4.ui.internal.workbench.swt.PartRenderingEngine$5.run(PartRenderingEngine.java:1158)
	at org.eclipse.core.databinding.observable.Realm.runWithDefault(Realm.java:338)
	at org.eclipse.e4.ui.internal.workbench.swt.PartRenderingEngine.run(PartRenderingEngine.java:1047)
	at org.eclipse.e4.ui.internal.workbench.E4Workbench.createAndRunUI(E4Workbench.java:155)
	at org.eclipse.ui.internal.Workbench.lambda$3(Workbench.java:658)
	at org.eclipse.core.databinding.observable.Realm.runWithDefault(Realm.java:338)
	at org.eclipse.ui.internal.Workbench.createAndRunWorkbench(Workbench.java:557)
	at org.eclipse.ui.PlatformUI.createAndRunWorkbench(PlatformUI.java:154)
	at org.eclipse.ui.internal.ide.application.IDEApplication.start(IDEApplication.java:150)
	at org.eclipse.equinox.internal.app.EclipseAppHandle.run(EclipseAppHandle.java:203)
	at org.eclipse.core.runtime.internal.adaptor.EclipseAppLauncher.runApplication(EclipseAppLauncher.java:137)
	at org.eclipse.core.runtime.internal.adaptor.EclipseAppLauncher.start(EclipseAppLauncher.java:107)
	at org.eclipse.core.runtime.adaptor.EclipseStarter.run(EclipseStarter.java:401)
	at org.eclipse.core.runtime.adaptor.EclipseStarter.run(EclipseStarter.java:255)
	at java.base/jdk.internal.reflect.NativeMethodAccessorImpl.invoke0(Native Method)
	at java.base/jdk.internal.reflect.NativeMethodAccessorImpl.invoke(NativeMethodAccessorImpl.java:62)
	at java.base/jdk.internal.reflect.DelegatingMethodAccessorImpl.invoke(DelegatingMethodAccessorImpl.java:43)
	at java.base/java.lang.reflect.Method.invoke(Method.java:566)
	at org.eclipse.equinox.launcher.Main.invokeFramework(Main.java:657)
	at org.eclipse.equinox.launcher.Main.basicRun(Main.java:594)
	at org.eclipse.equinox.launcher.Main.run(Main.java:1447)
	at org.eclipse.equinox.launcher.Main.main(Main.java:1420)
ERROR 19:26:05,427 [main] (SarosSession.java:195) error while invoking active activity consumer: saros.editor.EditorManager$2@649d9c9, activity: TextSelectionActivity(start line: 16, in-line offset: 4, end line: 16, in-line offset: 4, src: jk1452@saros-con.imp.fu-berlin.de/Saros, path: SPath [project=P/GrapplingHook (EclipseProjectImpl), projectRelativePath=src/plugin/grapplingHook/GrapplingHook.java])
org.eclipse.core.runtime.AssertionFailedException: assertion failed: 
	at org.eclipse.core.runtime.Assert.isTrue(Assert.java:113)
	at org.eclipse.core.runtime.Assert.isTrue(Assert.java:99)
	at org.eclipse.jface.text.Position.<init>(Position.java:65)
	at saros.editor.internal.LocationAnnotationManager.setSelection(LocationAnnotationManager.java:247)
	at saros.editor.EditorManager$2.receive(EditorManager.java:207)
	at saros.activities.TextSelectionActivity.dispatch(TextSelectionActivity.java:150)
	at saros.session.AbstractActivityConsumer.exec(AbstractActivityConsumer.java:79)
	at saros.editor.EditorManager$2.exec(EditorManager.java:186)
	at saros.session.internal.SarosSession$2.execute(SarosSession.java:193)
	at saros.session.internal.ActivityHandler$3.run(ActivityHandler.java:358)
	at saros.util.ThreadUtils$1.run(ThreadUtils.java:34)
	at org.eclipse.swt.widgets.RunnableLock.run(RunnableLock.java:40)
	at org.eclipse.swt.widgets.Synchronizer.runAsyncMessages(Synchronizer.java:185)
	at org.eclipse.swt.widgets.Display.runAsyncMessages(Display.java:4928)
	at org.eclipse.swt.widgets.Display.readAndDispatch(Display.java:4449)
	at org.eclipse.e4.ui.internal.workbench.swt.PartRenderingEngine$5.run(PartRenderingEngine.java:1158)
	at org.eclipse.core.databinding.observable.Realm.runWithDefault(Realm.java:338)
	at org.eclipse.e4.ui.internal.workbench.swt.PartRenderingEngine.run(PartRenderingEngine.java:1047)
	at org.eclipse.e4.ui.internal.workbench.E4Workbench.createAndRunUI(E4Workbench.java:155)
	at org.eclipse.ui.internal.Workbench.lambda$3(Workbench.java:658)
	at org.eclipse.core.databinding.observable.Realm.runWithDefault(Realm.java:338)
	at org.eclipse.ui.internal.Workbench.createAndRunWorkbench(Workbench.java:557)
	at org.eclipse.ui.PlatformUI.createAndRunWorkbench(PlatformUI.java:154)
	at org.eclipse.ui.internal.ide.application.IDEApplication.start(IDEApplication.java:150)
	at org.eclipse.equinox.internal.app.EclipseAppHandle.run(EclipseAppHandle.java:203)
	at org.eclipse.core.runtime.internal.adaptor.EclipseAppLauncher.runApplication(EclipseAppLauncher.java:137)
	at org.eclipse.core.runtime.internal.adaptor.EclipseAppLauncher.start(EclipseAppLauncher.java:107)
	at org.eclipse.core.runtime.adaptor.EclipseStarter.run(EclipseStarter.java:401)
	at org.eclipse.core.runtime.adaptor.EclipseStarter.run(EclipseStarter.java:255)
	at java.base/jdk.internal.reflect.NativeMethodAccessorImpl.invoke0(Native Method)
	at java.base/jdk.internal.reflect.NativeMethodAccessorImpl.invoke(NativeMethodAccessorImpl.java:62)
	at java.base/jdk.internal.reflect.DelegatingMethodAccessorImpl.invoke(DelegatingMethodAccessorImpl.java:43)
	at java.base/java.lang.reflect.Method.invoke(Method.java:566)
	at org.eclipse.equinox.launcher.Main.invokeFramework(Main.java:657)
	at org.eclipse.equinox.launcher.Main.basicRun(Main.java:594)
	at org.eclipse.equinox.launcher.Main.run(Main.java:1447)
	at org.eclipse.equinox.launcher.Main.main(Main.java:1420)
ERROR 21:06:02,056 [saros-client-network-watchdog] (ClientSessionTimeoutHandler.java:77) no ping received, reached timeout = 300000
INFO  21:06:02,067 [saros-kill-session-rx] (SarosSessionManager.java:332) session stopped
WARN  21:06:02,188 [Smack Listener Processor (0)] (SubscriptionHandler.java:128) received error presence package from saros_2055585446@conference.saros-con.imp.fu-berlin.de/alexlu07@saros-con.imp.fu-berlin.de/Saros, condition: item-not-found, message: Conference room does not exist
ERROR 21:45:10,748 [Smack Packet Reader (0)] (XMPPConnectionService.java:104) XMPP connection error: 
javax.net.ssl.SSLException: Connection reset
	at java.base/sun.security.ssl.Alert.createSSLException(Alert.java:127)
	at java.base/sun.security.ssl.TransportContext.fatal(TransportContext.java:326)
	at java.base/sun.security.ssl.TransportContext.fatal(TransportContext.java:269)
	at java.base/sun.security.ssl.TransportContext.fatal(TransportContext.java:264)
	at java.base/sun.security.ssl.SSLSocketImpl.handleException(SSLSocketImpl.java:1306)
	at java.base/sun.security.ssl.SSLSocketImpl$AppInputStream.read(SSLSocketImpl.java:832)
	at java.base/sun.nio.cs.StreamDecoder.readBytes(StreamDecoder.java:284)
	at java.base/sun.nio.cs.StreamDecoder.implRead(StreamDecoder.java:326)
	at java.base/sun.nio.cs.StreamDecoder.read(StreamDecoder.java:178)
	at java.base/java.io.InputStreamReader.read(InputStreamReader.java:185)
	at java.base/java.io.BufferedReader.fill(BufferedReader.java:161)
	at java.base/java.io.BufferedReader.read1(BufferedReader.java:212)
	at java.base/java.io.BufferedReader.read(BufferedReader.java:287)
	at org.xmlpull.mxp1.MXParser.fillBuf(MXParser.java:2992)
	at org.xmlpull.mxp1.MXParser.more(MXParser.java:3046)
	at org.xmlpull.mxp1.MXParser.nextImpl(MXParser.java:1144)
	at org.xmlpull.mxp1.MXParser.next(MXParser.java:1093)
	at org.jivesoftware.smack.PacketReader.parsePackets(PacketReader.java:312)
	at org.jivesoftware.smack.PacketReader.access$000(PacketReader.java:48)
	at org.jivesoftware.smack.PacketReader$1.run(PacketReader.java:76)
	Suppressed: java.net.SocketException: Broken pipe (Write failed)
		at java.base/java.net.SocketOutputStream.socketWrite0(Native Method)
		at java.base/java.net.SocketOutputStream.socketWrite(SocketOutputStream.java:110)
		at java.base/java.net.SocketOutputStream.write(SocketOutputStream.java:150)
		at java.base/sun.security.ssl.SSLSocketOutputRecord.encodeAlert(SSLSocketOutputRecord.java:81)
		at java.base/sun.security.ssl.TransportContext.fatal(TransportContext.java:357)
		... 18 more
Caused by: java.net.SocketException: Connection reset
	at java.base/java.net.SocketInputStream.read(SocketInputStream.java:186)
	at java.base/java.net.SocketInputStream.read(SocketInputStream.java:140)
	at java.base/sun.security.ssl.SSLSocketInputRecord.read(SSLSocketInputRecord.java:448)
	at java.base/sun.security.ssl.SSLSocketInputRecord.bytesInCompletePacket(SSLSocketInputRecord.java:68)
	at java.base/sun.security.ssl.SSLSocketImpl.readApplicationRecord(SSLSocketImpl.java:1096)
	at java.base/sun.security.ssl.SSLSocketImpl$AppInputStream.read(SSLSocketImpl.java:816)
	... 14 more
ERROR 21:45:10,749 [Smack Packet Reader (0)] (XMPPConnectionService.java:386)  new connection state == ERROR
javax.net.ssl.SSLException: Connection reset
	at java.base/sun.security.ssl.Alert.createSSLException(Alert.java:127)
	at java.base/sun.security.ssl.TransportContext.fatal(TransportContext.java:326)
	at java.base/sun.security.ssl.TransportContext.fatal(TransportContext.java:269)
	at java.base/sun.security.ssl.TransportContext.fatal(TransportContext.java:264)
	at java.base/sun.security.ssl.SSLSocketImpl.handleException(SSLSocketImpl.java:1306)
	at java.base/sun.security.ssl.SSLSocketImpl$AppInputStream.read(SSLSocketImpl.java:832)
	at java.base/sun.nio.cs.StreamDecoder.readBytes(StreamDecoder.java:284)
	at java.base/sun.nio.cs.StreamDecoder.implRead(StreamDecoder.java:326)
	at java.base/sun.nio.cs.StreamDecoder.read(StreamDecoder.java:178)
	at java.base/java.io.InputStreamReader.read(InputStreamReader.java:185)
	at java.base/java.io.BufferedReader.fill(BufferedReader.java:161)
	at java.base/java.io.BufferedReader.read1(BufferedReader.java:212)
	at java.base/java.io.BufferedReader.read(BufferedReader.java:287)
	at org.xmlpull.mxp1.MXParser.fillBuf(MXParser.java:2992)
	at org.xmlpull.mxp1.MXParser.more(MXParser.java:3046)
	at org.xmlpull.mxp1.MXParser.nextImpl(MXParser.java:1144)
	at org.xmlpull.mxp1.MXParser.next(MXParser.java:1093)
	at org.jivesoftware.smack.PacketReader.parsePackets(PacketReader.java:312)
	at org.jivesoftware.smack.PacketReader.access$000(PacketReader.java:48)
	at org.jivesoftware.smack.PacketReader$1.run(PacketReader.java:76)
	Suppressed: java.net.SocketException: Broken pipe (Write failed)
		at java.base/java.net.SocketOutputStream.socketWrite0(Native Method)
		at java.base/java.net.SocketOutputStream.socketWrite(SocketOutputStream.java:110)
		at java.base/java.net.SocketOutputStream.write(SocketOutputStream.java:150)
		at java.base/sun.security.ssl.SSLSocketOutputRecord.encodeAlert(SSLSocketOutputRecord.java:81)
		at java.base/sun.security.ssl.TransportContext.fatal(TransportContext.java:357)
		... 18 more
Caused by: java.net.SocketException: Connection reset
	at java.base/java.net.SocketInputStream.read(SocketInputStream.java:186)
	at java.base/java.net.SocketInputStream.read(SocketInputStream.java:140)
	at java.base/sun.security.ssl.SSLSocketInputRecord.read(SSLSocketInputRecord.java:448)
	at java.base/sun.security.ssl.SSLSocketInputRecord.bytesInCompletePacket(SSLSocketInputRecord.java:68)
	at java.base/sun.security.ssl.SSLSocketImpl.readApplicationRecord(SSLSocketImpl.java:1096)
	at java.base/sun.security.ssl.SSLSocketImpl$AppInputStream.read(SSLSocketImpl.java:816)
	... 14 more
