ERROR 10:53:09,658 [saros-connect-xmpp] (?:?) Couldn't open external browser
org.eclipse.ui.PartInitException: Could not open a web browser because there are none configured. Check the Web Browser preferences.
	at org.eclipse.ui.internal.browser.DefaultBrowserSupport.createBrowser(DefaultBrowserSupport.java:104)
	at org.eclipse.ui.internal.browser.WorkbenchBrowserSupport.createBrowser(WorkbenchBrowserSupport.java:92)
	at org.eclipse.ui.browser.AbstractWorkbenchBrowserSupport.getExternalBrowser(AbstractWorkbenchBrowserSupport.java:37)
	at saros.ui.util.SWTUtils.openExternalBrowser(SWTUtils.java:89)
	at saros.ui.util.LinkListener.handleEvent(LinkListener.java:29)
	at org.eclipse.swt.widgets.EventTable.sendEvent(EventTable.java:89)
	at org.eclipse.swt.widgets.Display.sendEvent(Display.java:5685)
	at org.eclipse.swt.widgets.Widget.sendEvent(Widget.java:1423)
	at org.eclipse.swt.widgets.Widget.sendEvent(Widget.java:1449)
	at org.eclipse.swt.widgets.Widget.sendSelectionEvent(Widget.java:1583)
	at org.eclipse.swt.widgets.Link.gtk_button_release_event(Link.java:394)
	at org.eclipse.swt.widgets.Widget.windowProc(Widget.java:2241)
	at org.eclipse.swt.widgets.Control.windowProc(Control.java:6659)
	at org.eclipse.swt.widgets.Display.windowProc(Display.java:5919)
	at org.eclipse.swt.internal.gtk.GTK.gtk_main_do_event(Native Method)
	at org.eclipse.swt.widgets.Display.eventProc(Display.java:1486)
	at org.eclipse.swt.internal.gtk.OS.g_main_context_iteration(Native Method)
	at org.eclipse.swt.widgets.Display.readAndDispatch(Display.java:4444)
	at org.eclipse.jface.window.Window.runEventLoop(Window.java:823)
	at org.eclipse.jface.window.Window.open(Window.java:799)
	at saros.ui.util.WizardUtils$3.call(WizardUtils.java:115)
	at saros.ui.util.WizardUtils$3.call(WizardUtils.java:1)
	at saros.ui.util.SWTUtils$1.run(SWTUtils.java:148)
	at saros.util.ThreadUtils$1.run(ThreadUtils.java:34)
	at org.eclipse.swt.widgets.Synchronizer.syncExec(Synchronizer.java:236)
	at org.eclipse.ui.internal.UISynchronizer.syncExec(UISynchronizer.java:133)
	at org.eclipse.swt.widgets.Display.syncExec(Display.java:5795)
	at saros.ui.util.SWTUtils.runSafeSWTSync(SWTUtils.java:172)
	at saros.ui.util.SWTUtils.runSWTSync(SWTUtils.java:142)
	at saros.ui.util.WizardUtils.openSarosConfigurationWizard(WizardUtils.java:109)
	at saros.util.ThreadUtils$1.run(ThreadUtils.java:34)
	at org.eclipse.swt.widgets.RunnableLock.run(RunnableLock.java:40)
	at org.eclipse.swt.widgets.Synchronizer.runAsyncMessages(Synchronizer.java:185)
	at org.eclipse.swt.widgets.Display.runAsyncMessages(Display.java:4928)
	at org.eclipse.swt.widgets.Display.readAndDispatch(Display.java:4449)
	at org.eclipse.e4.ui.internal.workbench.swt.PartRenderingEngine$5.run(PartRenderingEngine.java:1158)
	at org.eclipse.core.databinding.observable.Realm.runWithDefault(Realm.java:338)
	at org.eclipse.e4.ui.internal.workbench.swt.PartRenderingEngine.run(PartRenderingEngine.java:1047)
	at org.eclipse.e4.ui.internal.workbench.E4Workbench.createAndRunUI(E4Workbench.java:155)
	at org.eclipse.ui.internal.Workbench.lambda$3(Workbench.java:658)
	at org.eclipse.core.databinding.observable.Realm.runWithDefault(Realm.java:338)
	at org.eclipse.ui.internal.Workbench.createAndRunWorkbench(Workbench.java:557)
	at org.eclipse.ui.PlatformUI.createAndRunWorkbench(PlatformUI.java:154)
	at org.eclipse.ui.internal.ide.application.IDEApplication.start(IDEApplication.java:150)
	at org.eclipse.equinox.internal.app.EclipseAppHandle.run(EclipseAppHandle.java:203)
	at org.eclipse.core.runtime.internal.adaptor.EclipseAppLauncher.runApplication(EclipseAppLauncher.java:137)
	at org.eclipse.core.runtime.internal.adaptor.EclipseAppLauncher.start(EclipseAppLauncher.java:107)
	at org.eclipse.core.runtime.adaptor.EclipseStarter.run(EclipseStarter.java:401)
	at org.eclipse.core.runtime.adaptor.EclipseStarter.run(EclipseStarter.java:255)
	at java.base/jdk.internal.reflect.NativeMethodAccessorImpl.invoke0(Native Method)
	at java.base/jdk.internal.reflect.NativeMethodAccessorImpl.invoke(NativeMethodAccessorImpl.java:62)
	at java.base/jdk.internal.reflect.DelegatingMethodAccessorImpl.invoke(DelegatingMethodAccessorImpl.java:43)
	at java.base/java.lang.reflect.Method.invoke(Method.java:566)
	at org.eclipse.equinox.launcher.Main.invokeFramework(Main.java:657)
	at org.eclipse.equinox.launcher.Main.basicRun(Main.java:594)
	at org.eclipse.equinox.launcher.Main.run(Main.java:1447)
	at org.eclipse.equinox.launcher.Main.main(Main.java:1420)
ERROR 10:53:09,659 [saros-connect-xmpp] (?:?) Couldn't open link https://saros-con.imp.fu-berlin.de:5280/register/new in external browser.
ERROR 10:53:12,152 [saros-connect-xmpp] (?:?) Couldn't open external browser
org.eclipse.ui.PartInitException: Could not open a web browser because there are none configured. Check the Web Browser preferences.
	at org.eclipse.ui.internal.browser.DefaultBrowserSupport.createBrowser(DefaultBrowserSupport.java:104)
	at org.eclipse.ui.internal.browser.WorkbenchBrowserSupport.createBrowser(WorkbenchBrowserSupport.java:92)
	at org.eclipse.ui.browser.AbstractWorkbenchBrowserSupport.getExternalBrowser(AbstractWorkbenchBrowserSupport.java:37)
	at saros.ui.util.SWTUtils.openExternalBrowser(SWTUtils.java:89)
	at saros.ui.util.LinkListener.handleEvent(LinkListener.java:29)
	at org.eclipse.swt.widgets.EventTable.sendEvent(EventTable.java:89)
	at org.eclipse.swt.widgets.Display.sendEvent(Display.java:5685)
	at org.eclipse.swt.widgets.Widget.sendEvent(Widget.java:1423)
	at org.eclipse.swt.widgets.Widget.sendEvent(Widget.java:1449)
	at org.eclipse.swt.widgets.Widget.sendSelectionEvent(Widget.java:1583)
	at org.eclipse.swt.widgets.Link.gtk_button_release_event(Link.java:394)
	at org.eclipse.swt.widgets.Widget.windowProc(Widget.java:2241)
	at org.eclipse.swt.widgets.Control.windowProc(Control.java:6659)
	at org.eclipse.swt.widgets.Display.windowProc(Display.java:5919)
	at org.eclipse.swt.internal.gtk.GTK.gtk_main_do_event(Native Method)
	at org.eclipse.swt.widgets.Display.eventProc(Display.java:1486)
	at org.eclipse.swt.internal.gtk.OS.g_main_context_iteration(Native Method)
	at org.eclipse.swt.widgets.Display.readAndDispatch(Display.java:4444)
	at org.eclipse.jface.window.Window.runEventLoop(Window.java:823)
	at org.eclipse.jface.window.Window.open(Window.java:799)
	at saros.ui.util.WizardUtils$3.call(WizardUtils.java:115)
	at saros.ui.util.WizardUtils$3.call(WizardUtils.java:1)
	at saros.ui.util.SWTUtils$1.run(SWTUtils.java:148)
	at saros.util.ThreadUtils$1.run(ThreadUtils.java:34)
	at org.eclipse.swt.widgets.Synchronizer.syncExec(Synchronizer.java:236)
	at org.eclipse.ui.internal.UISynchronizer.syncExec(UISynchronizer.java:133)
	at org.eclipse.swt.widgets.Display.syncExec(Display.java:5795)
	at saros.ui.util.SWTUtils.runSafeSWTSync(SWTUtils.java:172)
	at saros.ui.util.SWTUtils.runSWTSync(SWTUtils.java:142)
	at saros.ui.util.WizardUtils.openSarosConfigurationWizard(WizardUtils.java:109)
	at saros.util.ThreadUtils$1.run(ThreadUtils.java:34)
	at org.eclipse.swt.widgets.RunnableLock.run(RunnableLock.java:40)
	at org.eclipse.swt.widgets.Synchronizer.runAsyncMessages(Synchronizer.java:185)
	at org.eclipse.swt.widgets.Display.runAsyncMessages(Display.java:4928)
	at org.eclipse.swt.widgets.Display.readAndDispatch(Display.java:4449)
	at org.eclipse.e4.ui.internal.workbench.swt.PartRenderingEngine$5.run(PartRenderingEngine.java:1158)
	at org.eclipse.core.databinding.observable.Realm.runWithDefault(Realm.java:338)
	at org.eclipse.e4.ui.internal.workbench.swt.PartRenderingEngine.run(PartRenderingEngine.java:1047)
	at org.eclipse.e4.ui.internal.workbench.E4Workbench.createAndRunUI(E4Workbench.java:155)
	at org.eclipse.ui.internal.Workbench.lambda$3(Workbench.java:658)
	at org.eclipse.core.databinding.observable.Realm.runWithDefault(Realm.java:338)
	at org.eclipse.ui.internal.Workbench.createAndRunWorkbench(Workbench.java:557)
	at org.eclipse.ui.PlatformUI.createAndRunWorkbench(PlatformUI.java:154)
	at org.eclipse.ui.internal.ide.application.IDEApplication.start(IDEApplication.java:150)
	at org.eclipse.equinox.internal.app.EclipseAppHandle.run(EclipseAppHandle.java:203)
	at org.eclipse.core.runtime.internal.adaptor.EclipseAppLauncher.runApplication(EclipseAppLauncher.java:137)
	at org.eclipse.core.runtime.internal.adaptor.EclipseAppLauncher.start(EclipseAppLauncher.java:107)
	at org.eclipse.core.runtime.adaptor.EclipseStarter.run(EclipseStarter.java:401)
	at org.eclipse.core.runtime.adaptor.EclipseStarter.run(EclipseStarter.java:255)
	at java.base/jdk.internal.reflect.NativeMethodAccessorImpl.invoke0(Native Method)
	at java.base/jdk.internal.reflect.NativeMethodAccessorImpl.invoke(NativeMethodAccessorImpl.java:62)
	at java.base/jdk.internal.reflect.DelegatingMethodAccessorImpl.invoke(DelegatingMethodAccessorImpl.java:43)
	at java.base/java.lang.reflect.Method.invoke(Method.java:566)
	at org.eclipse.equinox.launcher.Main.invokeFramework(Main.java:657)
	at org.eclipse.equinox.launcher.Main.basicRun(Main.java:594)
	at org.eclipse.equinox.launcher.Main.run(Main.java:1447)
	at org.eclipse.equinox.launcher.Main.main(Main.java:1420)
ERROR 10:53:12,152 [saros-connect-xmpp] (?:?) Couldn't open link https://saros-con.imp.fu-berlin.de:5280/register/new in external browser.
ERROR 10:53:13,979 [saros-connect-xmpp] (?:?) Couldn't open external browser
org.eclipse.ui.PartInitException: Could not open a web browser because there are none configured. Check the Web Browser preferences.
	at org.eclipse.ui.internal.browser.DefaultBrowserSupport.createBrowser(DefaultBrowserSupport.java:104)
	at org.eclipse.ui.internal.browser.WorkbenchBrowserSupport.createBrowser(WorkbenchBrowserSupport.java:92)
	at org.eclipse.ui.browser.AbstractWorkbenchBrowserSupport.getExternalBrowser(AbstractWorkbenchBrowserSupport.java:37)
	at saros.ui.util.SWTUtils.openExternalBrowser(SWTUtils.java:89)
	at saros.ui.util.LinkListener.handleEvent(LinkListener.java:29)
	at org.eclipse.swt.widgets.EventTable.sendEvent(EventTable.java:89)
	at org.eclipse.swt.widgets.Display.sendEvent(Display.java:5685)
	at org.eclipse.swt.widgets.Widget.sendEvent(Widget.java:1423)
	at org.eclipse.swt.widgets.Widget.sendEvent(Widget.java:1449)
	at org.eclipse.swt.widgets.Widget.sendSelectionEvent(Widget.java:1583)
	at org.eclipse.swt.widgets.Link.gtk_button_release_event(Link.java:394)
	at org.eclipse.swt.widgets.Widget.windowProc(Widget.java:2241)
	at org.eclipse.swt.widgets.Control.windowProc(Control.java:6659)
	at org.eclipse.swt.widgets.Display.windowProc(Display.java:5919)
	at org.eclipse.swt.internal.gtk.GTK.gtk_main_do_event(Native Method)
	at org.eclipse.swt.widgets.Display.eventProc(Display.java:1486)
	at org.eclipse.swt.internal.gtk.OS.g_main_context_iteration(Native Method)
	at org.eclipse.swt.widgets.Display.readAndDispatch(Display.java:4444)
	at org.eclipse.jface.window.Window.runEventLoop(Window.java:823)
	at org.eclipse.jface.window.Window.open(Window.java:799)
	at saros.ui.util.WizardUtils$3.call(WizardUtils.java:115)
	at saros.ui.util.WizardUtils$3.call(WizardUtils.java:1)
	at saros.ui.util.SWTUtils$1.run(SWTUtils.java:148)
	at saros.util.ThreadUtils$1.run(ThreadUtils.java:34)
	at org.eclipse.swt.widgets.Synchronizer.syncExec(Synchronizer.java:236)
	at org.eclipse.ui.internal.UISynchronizer.syncExec(UISynchronizer.java:133)
	at org.eclipse.swt.widgets.Display.syncExec(Display.java:5795)
	at saros.ui.util.SWTUtils.runSafeSWTSync(SWTUtils.java:172)
	at saros.ui.util.SWTUtils.runSWTSync(SWTUtils.java:142)
	at saros.ui.util.WizardUtils.openSarosConfigurationWizard(WizardUtils.java:109)
	at saros.util.ThreadUtils$1.run(ThreadUtils.java:34)
	at org.eclipse.swt.widgets.RunnableLock.run(RunnableLock.java:40)
	at org.eclipse.swt.widgets.Synchronizer.runAsyncMessages(Synchronizer.java:185)
	at org.eclipse.swt.widgets.Display.runAsyncMessages(Display.java:4928)
	at org.eclipse.swt.widgets.Display.readAndDispatch(Display.java:4449)
	at org.eclipse.e4.ui.internal.workbench.swt.PartRenderingEngine$5.run(PartRenderingEngine.java:1158)
	at org.eclipse.core.databinding.observable.Realm.runWithDefault(Realm.java:338)
	at org.eclipse.e4.ui.internal.workbench.swt.PartRenderingEngine.run(PartRenderingEngine.java:1047)
	at org.eclipse.e4.ui.internal.workbench.E4Workbench.createAndRunUI(E4Workbench.java:155)
	at org.eclipse.ui.internal.Workbench.lambda$3(Workbench.java:658)
	at org.eclipse.core.databinding.observable.Realm.runWithDefault(Realm.java:338)
	at org.eclipse.ui.internal.Workbench.createAndRunWorkbench(Workbench.java:557)
	at org.eclipse.ui.PlatformUI.createAndRunWorkbench(PlatformUI.java:154)
	at org.eclipse.ui.internal.ide.application.IDEApplication.start(IDEApplication.java:150)
	at org.eclipse.equinox.internal.app.EclipseAppHandle.run(EclipseAppHandle.java:203)
	at org.eclipse.core.runtime.internal.adaptor.EclipseAppLauncher.runApplication(EclipseAppLauncher.java:137)
	at org.eclipse.core.runtime.internal.adaptor.EclipseAppLauncher.start(EclipseAppLauncher.java:107)
	at org.eclipse.core.runtime.adaptor.EclipseStarter.run(EclipseStarter.java:401)
	at org.eclipse.core.runtime.adaptor.EclipseStarter.run(EclipseStarter.java:255)
	at java.base/jdk.internal.reflect.NativeMethodAccessorImpl.invoke0(Native Method)
	at java.base/jdk.internal.reflect.NativeMethodAccessorImpl.invoke(NativeMethodAccessorImpl.java:62)
	at java.base/jdk.internal.reflect.DelegatingMethodAccessorImpl.invoke(DelegatingMethodAccessorImpl.java:43)
	at java.base/java.lang.reflect.Method.invoke(Method.java:566)
	at org.eclipse.equinox.launcher.Main.invokeFramework(Main.java:657)
	at org.eclipse.equinox.launcher.Main.basicRun(Main.java:594)
	at org.eclipse.equinox.launcher.Main.run(Main.java:1447)
	at org.eclipse.equinox.launcher.Main.main(Main.java:1420)
ERROR 10:53:13,979 [saros-connect-xmpp] (?:?) Couldn't open link https://saros-con.imp.fu-berlin.de:5280/register/new in external browser.
ERROR 10:54:26,174 [saros-connect-xmpp] (?:?) Couldn't open external browser
org.eclipse.ui.PartInitException: Could not open a web browser because there are none configured. Check the Web Browser preferences.
	at org.eclipse.ui.internal.browser.DefaultBrowserSupport.createBrowser(DefaultBrowserSupport.java:104)
	at org.eclipse.ui.internal.browser.WorkbenchBrowserSupport.createBrowser(WorkbenchBrowserSupport.java:92)
	at org.eclipse.ui.browser.AbstractWorkbenchBrowserSupport.getExternalBrowser(AbstractWorkbenchBrowserSupport.java:37)
	at saros.ui.util.SWTUtils.openExternalBrowser(SWTUtils.java:89)
	at saros.ui.util.LinkListener.handleEvent(LinkListener.java:29)
	at org.eclipse.swt.widgets.EventTable.sendEvent(EventTable.java:89)
	at org.eclipse.swt.widgets.Display.sendEvent(Display.java:5685)
	at org.eclipse.swt.widgets.Widget.sendEvent(Widget.java:1423)
	at org.eclipse.swt.widgets.Widget.sendEvent(Widget.java:1449)
	at org.eclipse.swt.widgets.Widget.sendSelectionEvent(Widget.java:1583)
	at org.eclipse.swt.widgets.Link.gtk_button_release_event(Link.java:394)
	at org.eclipse.swt.widgets.Widget.windowProc(Widget.java:2241)
	at org.eclipse.swt.widgets.Control.windowProc(Control.java:6659)
	at org.eclipse.swt.widgets.Display.windowProc(Display.java:5919)
	at org.eclipse.swt.internal.gtk.GTK.gtk_main_do_event(Native Method)
	at org.eclipse.swt.widgets.Display.eventProc(Display.java:1486)
	at org.eclipse.swt.internal.gtk.OS.g_main_context_iteration(Native Method)
	at org.eclipse.swt.widgets.Display.readAndDispatch(Display.java:4444)
	at org.eclipse.jface.window.Window.runEventLoop(Window.java:823)
	at org.eclipse.jface.window.Window.open(Window.java:799)
	at saros.ui.util.WizardUtils$3.call(WizardUtils.java:115)
	at saros.ui.util.WizardUtils$3.call(WizardUtils.java:1)
	at saros.ui.util.SWTUtils$1.run(SWTUtils.java:148)
	at saros.util.ThreadUtils$1.run(ThreadUtils.java:34)
	at org.eclipse.swt.widgets.Synchronizer.syncExec(Synchronizer.java:236)
	at org.eclipse.ui.internal.UISynchronizer.syncExec(UISynchronizer.java:133)
	at org.eclipse.swt.widgets.Display.syncExec(Display.java:5795)
	at saros.ui.util.SWTUtils.runSafeSWTSync(SWTUtils.java:172)
	at saros.ui.util.SWTUtils.runSWTSync(SWTUtils.java:142)
	at saros.ui.util.WizardUtils.openSarosConfigurationWizard(WizardUtils.java:109)
	at saros.util.ThreadUtils$1.run(ThreadUtils.java:34)
	at org.eclipse.swt.widgets.RunnableLock.run(RunnableLock.java:40)
	at org.eclipse.swt.widgets.Synchronizer.runAsyncMessages(Synchronizer.java:185)
	at org.eclipse.swt.widgets.Display.runAsyncMessages(Display.java:4928)
	at org.eclipse.swt.widgets.Display.readAndDispatch(Display.java:4449)
	at org.eclipse.e4.ui.internal.workbench.swt.PartRenderingEngine$5.run(PartRenderingEngine.java:1158)
	at org.eclipse.core.databinding.observable.Realm.runWithDefault(Realm.java:338)
	at org.eclipse.e4.ui.internal.workbench.swt.PartRenderingEngine.run(PartRenderingEngine.java:1047)
	at org.eclipse.e4.ui.internal.workbench.E4Workbench.createAndRunUI(E4Workbench.java:155)
	at org.eclipse.ui.internal.Workbench.lambda$3(Workbench.java:658)
	at org.eclipse.core.databinding.observable.Realm.runWithDefault(Realm.java:338)
	at org.eclipse.ui.internal.Workbench.createAndRunWorkbench(Workbench.java:557)
	at org.eclipse.ui.PlatformUI.createAndRunWorkbench(PlatformUI.java:154)
	at org.eclipse.ui.internal.ide.application.IDEApplication.start(IDEApplication.java:150)
	at org.eclipse.equinox.internal.app.EclipseAppHandle.run(EclipseAppHandle.java:203)
	at org.eclipse.core.runtime.internal.adaptor.EclipseAppLauncher.runApplication(EclipseAppLauncher.java:137)
	at org.eclipse.core.runtime.internal.adaptor.EclipseAppLauncher.start(EclipseAppLauncher.java:107)
	at org.eclipse.core.runtime.adaptor.EclipseStarter.run(EclipseStarter.java:401)
	at org.eclipse.core.runtime.adaptor.EclipseStarter.run(EclipseStarter.java:255)
	at java.base/jdk.internal.reflect.NativeMethodAccessorImpl.invoke0(Native Method)
	at java.base/jdk.internal.reflect.NativeMethodAccessorImpl.invoke(NativeMethodAccessorImpl.java:62)
	at java.base/jdk.internal.reflect.DelegatingMethodAccessorImpl.invoke(DelegatingMethodAccessorImpl.java:43)
	at java.base/java.lang.reflect.Method.invoke(Method.java:566)
	at org.eclipse.equinox.launcher.Main.invokeFramework(Main.java:657)
	at org.eclipse.equinox.launcher.Main.basicRun(Main.java:594)
	at org.eclipse.equinox.launcher.Main.run(Main.java:1447)
	at org.eclipse.equinox.launcher.Main.main(Main.java:1420)
ERROR 10:54:26,174 [saros-connect-xmpp] (?:?) Couldn't open link https://saros-con.imp.fu-berlin.de:5280/register/new in external browser.
ERROR 10:54:26,472 [saros-connect-xmpp] (?:?) Couldn't open external browser
org.eclipse.ui.PartInitException: Could not open a web browser because there are none configured. Check the Web Browser preferences.
	at org.eclipse.ui.internal.browser.DefaultBrowserSupport.createBrowser(DefaultBrowserSupport.java:104)
	at org.eclipse.ui.internal.browser.WorkbenchBrowserSupport.createBrowser(WorkbenchBrowserSupport.java:92)
	at org.eclipse.ui.browser.AbstractWorkbenchBrowserSupport.getExternalBrowser(AbstractWorkbenchBrowserSupport.java:37)
	at saros.ui.util.SWTUtils.openExternalBrowser(SWTUtils.java:89)
	at saros.ui.util.LinkListener.handleEvent(LinkListener.java:29)
	at org.eclipse.swt.widgets.EventTable.sendEvent(EventTable.java:89)
	at org.eclipse.swt.widgets.Display.sendEvent(Display.java:5685)
	at org.eclipse.swt.widgets.Widget.sendEvent(Widget.java:1423)
	at org.eclipse.swt.widgets.Widget.sendEvent(Widget.java:1449)
	at org.eclipse.swt.widgets.Widget.sendSelectionEvent(Widget.java:1583)
	at org.eclipse.swt.widgets.Link.gtk_button_release_event(Link.java:394)
	at org.eclipse.swt.widgets.Widget.windowProc(Widget.java:2241)
	at org.eclipse.swt.widgets.Control.windowProc(Control.java:6659)
	at org.eclipse.swt.widgets.Display.windowProc(Display.java:5919)
	at org.eclipse.swt.internal.gtk.GTK.gtk_main_do_event(Native Method)
	at org.eclipse.swt.widgets.Display.eventProc(Display.java:1486)
	at org.eclipse.swt.internal.gtk.OS.g_main_context_iteration(Native Method)
	at org.eclipse.swt.widgets.Display.readAndDispatch(Display.java:4444)
	at org.eclipse.jface.window.Window.runEventLoop(Window.java:823)
	at org.eclipse.jface.window.Window.open(Window.java:799)
	at saros.ui.util.WizardUtils$3.call(WizardUtils.java:115)
	at saros.ui.util.WizardUtils$3.call(WizardUtils.java:1)
	at saros.ui.util.SWTUtils$1.run(SWTUtils.java:148)
	at saros.util.ThreadUtils$1.run(ThreadUtils.java:34)
	at org.eclipse.swt.widgets.Synchronizer.syncExec(Synchronizer.java:236)
	at org.eclipse.ui.internal.UISynchronizer.syncExec(UISynchronizer.java:133)
	at org.eclipse.swt.widgets.Display.syncExec(Display.java:5795)
	at saros.ui.util.SWTUtils.runSafeSWTSync(SWTUtils.java:172)
	at saros.ui.util.SWTUtils.runSWTSync(SWTUtils.java:142)
	at saros.ui.util.WizardUtils.openSarosConfigurationWizard(WizardUtils.java:109)
	at saros.util.ThreadUtils$1.run(ThreadUtils.java:34)
	at org.eclipse.swt.widgets.RunnableLock.run(RunnableLock.java:40)
	at org.eclipse.swt.widgets.Synchronizer.runAsyncMessages(Synchronizer.java:185)
	at org.eclipse.swt.widgets.Display.runAsyncMessages(Display.java:4928)
	at org.eclipse.swt.widgets.Display.readAndDispatch(Display.java:4449)
	at org.eclipse.e4.ui.internal.workbench.swt.PartRenderingEngine$5.run(PartRenderingEngine.java:1158)
	at org.eclipse.core.databinding.observable.Realm.runWithDefault(Realm.java:338)
	at org.eclipse.e4.ui.internal.workbench.swt.PartRenderingEngine.run(PartRenderingEngine.java:1047)
	at org.eclipse.e4.ui.internal.workbench.E4Workbench.createAndRunUI(E4Workbench.java:155)
	at org.eclipse.ui.internal.Workbench.lambda$3(Workbench.java:658)
	at org.eclipse.core.databinding.observable.Realm.runWithDefault(Realm.java:338)
	at org.eclipse.ui.internal.Workbench.createAndRunWorkbench(Workbench.java:557)
	at org.eclipse.ui.PlatformUI.createAndRunWorkbench(PlatformUI.java:154)
	at org.eclipse.ui.internal.ide.application.IDEApplication.start(IDEApplication.java:150)
	at org.eclipse.equinox.internal.app.EclipseAppHandle.run(EclipseAppHandle.java:203)
	at org.eclipse.core.runtime.internal.adaptor.EclipseAppLauncher.runApplication(EclipseAppLauncher.java:137)
	at org.eclipse.core.runtime.internal.adaptor.EclipseAppLauncher.start(EclipseAppLauncher.java:107)
	at org.eclipse.core.runtime.adaptor.EclipseStarter.run(EclipseStarter.java:401)
	at org.eclipse.core.runtime.adaptor.EclipseStarter.run(EclipseStarter.java:255)
	at java.base/jdk.internal.reflect.NativeMethodAccessorImpl.invoke0(Native Method)
	at java.base/jdk.internal.reflect.NativeMethodAccessorImpl.invoke(NativeMethodAccessorImpl.java:62)
	at java.base/jdk.internal.reflect.DelegatingMethodAccessorImpl.invoke(DelegatingMethodAccessorImpl.java:43)
	at java.base/java.lang.reflect.Method.invoke(Method.java:566)
	at org.eclipse.equinox.launcher.Main.invokeFramework(Main.java:657)
	at org.eclipse.equinox.launcher.Main.basicRun(Main.java:594)
	at org.eclipse.equinox.launcher.Main.run(Main.java:1447)
	at org.eclipse.equinox.launcher.Main.main(Main.java:1420)
ERROR 10:54:26,472 [saros-connect-xmpp] (?:?) Couldn't open link https://saros-con.imp.fu-berlin.de:5280/register/new in external browser.
ERROR 10:54:26,620 [saros-connect-xmpp] (?:?) Couldn't open external browser
org.eclipse.ui.PartInitException: Could not open a web browser because there are none configured. Check the Web Browser preferences.
	at org.eclipse.ui.internal.browser.DefaultBrowserSupport.createBrowser(DefaultBrowserSupport.java:104)
	at org.eclipse.ui.internal.browser.WorkbenchBrowserSupport.createBrowser(WorkbenchBrowserSupport.java:92)
	at org.eclipse.ui.browser.AbstractWorkbenchBrowserSupport.getExternalBrowser(AbstractWorkbenchBrowserSupport.java:37)
	at saros.ui.util.SWTUtils.openExternalBrowser(SWTUtils.java:89)
	at saros.ui.util.LinkListener.handleEvent(LinkListener.java:29)
	at org.eclipse.swt.widgets.EventTable.sendEvent(EventTable.java:89)
	at org.eclipse.swt.widgets.Display.sendEvent(Display.java:5685)
	at org.eclipse.swt.widgets.Widget.sendEvent(Widget.java:1423)
	at org.eclipse.swt.widgets.Widget.sendEvent(Widget.java:1449)
	at org.eclipse.swt.widgets.Widget.sendSelectionEvent(Widget.java:1583)
	at org.eclipse.swt.widgets.Link.gtk_button_release_event(Link.java:394)
	at org.eclipse.swt.widgets.Widget.windowProc(Widget.java:2241)
	at org.eclipse.swt.widgets.Control.windowProc(Control.java:6659)
	at org.eclipse.swt.widgets.Display.windowProc(Display.java:5919)
	at org.eclipse.swt.internal.gtk.GTK.gtk_main_do_event(Native Method)
	at org.eclipse.swt.widgets.Display.eventProc(Display.java:1486)
	at org.eclipse.swt.internal.gtk.OS.g_main_context_iteration(Native Method)
	at org.eclipse.swt.widgets.Display.readAndDispatch(Display.java:4444)
	at org.eclipse.jface.window.Window.runEventLoop(Window.java:823)
	at org.eclipse.jface.window.Window.open(Window.java:799)
	at saros.ui.util.WizardUtils$3.call(WizardUtils.java:115)
	at saros.ui.util.WizardUtils$3.call(WizardUtils.java:1)
	at saros.ui.util.SWTUtils$1.run(SWTUtils.java:148)
	at saros.util.ThreadUtils$1.run(ThreadUtils.java:34)
	at org.eclipse.swt.widgets.Synchronizer.syncExec(Synchronizer.java:236)
	at org.eclipse.ui.internal.UISynchronizer.syncExec(UISynchronizer.java:133)
	at org.eclipse.swt.widgets.Display.syncExec(Display.java:5795)
	at saros.ui.util.SWTUtils.runSafeSWTSync(SWTUtils.java:172)
	at saros.ui.util.SWTUtils.runSWTSync(SWTUtils.java:142)
	at saros.ui.util.WizardUtils.openSarosConfigurationWizard(WizardUtils.java:109)
	at saros.util.ThreadUtils$1.run(ThreadUtils.java:34)
	at org.eclipse.swt.widgets.RunnableLock.run(RunnableLock.java:40)
	at org.eclipse.swt.widgets.Synchronizer.runAsyncMessages(Synchronizer.java:185)
	at org.eclipse.swt.widgets.Display.runAsyncMessages(Display.java:4928)
	at org.eclipse.swt.widgets.Display.readAndDispatch(Display.java:4449)
	at org.eclipse.e4.ui.internal.workbench.swt.PartRenderingEngine$5.run(PartRenderingEngine.java:1158)
	at org.eclipse.core.databinding.observable.Realm.runWithDefault(Realm.java:338)
	at org.eclipse.e4.ui.internal.workbench.swt.PartRenderingEngine.run(PartRenderingEngine.java:1047)
	at org.eclipse.e4.ui.internal.workbench.E4Workbench.createAndRunUI(E4Workbench.java:155)
	at org.eclipse.ui.internal.Workbench.lambda$3(Workbench.java:658)
	at org.eclipse.core.databinding.observable.Realm.runWithDefault(Realm.java:338)
	at org.eclipse.ui.internal.Workbench.createAndRunWorkbench(Workbench.java:557)
	at org.eclipse.ui.PlatformUI.createAndRunWorkbench(PlatformUI.java:154)
	at org.eclipse.ui.internal.ide.application.IDEApplication.start(IDEApplication.java:150)
	at org.eclipse.equinox.internal.app.EclipseAppHandle.run(EclipseAppHandle.java:203)
	at org.eclipse.core.runtime.internal.adaptor.EclipseAppLauncher.runApplication(EclipseAppLauncher.java:137)
	at org.eclipse.core.runtime.internal.adaptor.EclipseAppLauncher.start(EclipseAppLauncher.java:107)
	at org.eclipse.core.runtime.adaptor.EclipseStarter.run(EclipseStarter.java:401)
	at org.eclipse.core.runtime.adaptor.EclipseStarter.run(EclipseStarter.java:255)
	at java.base/jdk.internal.reflect.NativeMethodAccessorImpl.invoke0(Native Method)
	at java.base/jdk.internal.reflect.NativeMethodAccessorImpl.invoke(NativeMethodAccessorImpl.java:62)
	at java.base/jdk.internal.reflect.DelegatingMethodAccessorImpl.invoke(DelegatingMethodAccessorImpl.java:43)
	at java.base/java.lang.reflect.Method.invoke(Method.java:566)
	at org.eclipse.equinox.launcher.Main.invokeFramework(Main.java:657)
	at org.eclipse.equinox.launcher.Main.basicRun(Main.java:594)
	at org.eclipse.equinox.launcher.Main.run(Main.java:1447)
	at org.eclipse.equinox.launcher.Main.main(Main.java:1420)
ERROR 10:54:26,620 [saros-connect-xmpp] (?:?) Couldn't open link https://saros-con.imp.fu-berlin.de:5280/register/new in external browser.
WARN  10:57:51,052 [ModalContext] (AddContactUtility.java:87) Problem while adding a contact.CancellationException User decided to add contact anyway. Problem: subscription-required(407) Not subscribed
ERROR 10:58:02,531 [saros-sound] (SoundPlayer.java:59) could not access sound system
java.lang.IllegalArgumentException: No line matching interface SourceDataLine supporting format PCM_SIGNED 11025.0 Hz, 16 bit, mono, 2 bytes/frame, little-endian is supported.
	at java.desktop/javax.sound.sampled.AudioSystem.getLine(AudioSystem.java:425)
	at saros.misc.sound.SoundPlayer.playSound(SoundPlayer.java:52)
	at saros.ui.sounds.SoundPlayer$1.run(SoundPlayer.java:40)
	at saros.util.ThreadUtils$1.run(ThreadUtils.java:34)
	at java.base/java.lang.Thread.run(Thread.java:834)
WARN  10:58:25,023 [Worker-13: Session Startup] (ConsistencyAction.java:172) watchdog client component is not available, cannot perform inconsistency notification
ERROR 11:03:51,499 [saros-sound] (SoundPlayer.java:59) could not access sound system
java.lang.IllegalArgumentException: No line matching interface SourceDataLine supporting format PCM_SIGNED 11025.0 Hz, 16 bit, mono, 2 bytes/frame, little-endian is supported.
	at java.desktop/javax.sound.sampled.AudioSystem.getLine(AudioSystem.java:425)
	at saros.misc.sound.SoundPlayer.playSound(SoundPlayer.java:52)
	at saros.ui.sounds.SoundPlayer$1.run(SoundPlayer.java:40)
	at saros.util.ThreadUtils$1.run(ThreadUtils.java:34)
	at java.base/java.lang.Thread.run(Thread.java:834)
ERROR 11:03:55,133 [saros-sound] (SoundPlayer.java:59) could not access sound system
java.lang.IllegalArgumentException: No line matching interface SourceDataLine supporting format PCM_SIGNED 11025.0 Hz, 16 bit, mono, 2 bytes/frame, little-endian is supported.
	at java.desktop/javax.sound.sampled.AudioSystem.getLine(AudioSystem.java:425)
	at saros.misc.sound.SoundPlayer.playSound(SoundPlayer.java:52)
	at saros.ui.sounds.SoundPlayer$1.run(SoundPlayer.java:40)
	at saros.util.ThreadUtils$1.run(ThreadUtils.java:34)
	at java.base/java.lang.Thread.run(Thread.java:834)
ERROR 11:04:44,564 [saros-sound] (SoundPlayer.java:59) could not access sound system
java.lang.IllegalArgumentException: No line matching interface SourceDataLine supporting format PCM_SIGNED 11025.0 Hz, 16 bit, mono, 2 bytes/frame, little-endian is supported.
	at java.desktop/javax.sound.sampled.AudioSystem.getLine(AudioSystem.java:425)
	at saros.misc.sound.SoundPlayer.playSound(SoundPlayer.java:52)
	at saros.ui.sounds.SoundPlayer$1.run(SoundPlayer.java:40)
	at saros.util.ThreadUtils$1.run(ThreadUtils.java:34)
	at java.base/java.lang.Thread.run(Thread.java:834)
WARN  12:06:52,638 [main] (TextEditActivity.java:312) NoOp Text edit: new '' old ''
WARN  12:07:02,765 [main] (TextEditActivity.java:312) NoOp Text edit: new '' old ''
ERROR 12:27:51,841 [saros-sound] (SoundPlayer.java:59) could not access sound system
java.lang.IllegalArgumentException: No line matching interface SourceDataLine supporting format PCM_SIGNED 11025.0 Hz, 16 bit, mono, 2 bytes/frame, little-endian is supported.
	at java.desktop/javax.sound.sampled.AudioSystem.getLine(AudioSystem.java:425)
	at saros.misc.sound.SoundPlayer.playSound(SoundPlayer.java:52)
	at saros.ui.sounds.SoundPlayer$1.run(SoundPlayer.java:40)
	at saros.util.ThreadUtils$1.run(ThreadUtils.java:34)
	at java.base/java.lang.Thread.run(Thread.java:834)
ERROR 13:58:18,137 [saros-server-network-watchdog] (ServerSessionTimeoutHandler.java:118) no pong received from user jk1452@saros-con.imp.fu-berlin.de/Saros, reached timeout = 300000
