ERROR 16:50:14,882 [saros-sound] (SoundPlayer.java:59) could not access sound system
java.lang.IllegalArgumentException: No line matching interface SourceDataLine supporting format PCM_SIGNED 11025.0 Hz, 16 bit, mono, 2 bytes/frame, little-endian is supported.
	at java.desktop/javax.sound.sampled.AudioSystem.getLine(AudioSystem.java:425)
	at saros.misc.sound.SoundPlayer.playSound(SoundPlayer.java:52)
	at saros.ui.sounds.SoundPlayer$1.run(SoundPlayer.java:40)
	at saros.util.ThreadUtils$1.run(ThreadUtils.java:34)
	at java.base/java.lang.Thread.run(Thread.java:834)
ERROR 16:52:17,029 [saros-sound] (SoundPlayer.java:59) could not access sound system
java.lang.IllegalArgumentException: No line matching interface SourceDataLine supporting format PCM_SIGNED 11025.0 Hz, 16 bit, mono, 2 bytes/frame, little-endian is supported.
	at java.desktop/javax.sound.sampled.AudioSystem.getLine(AudioSystem.java:425)
	at saros.misc.sound.SoundPlayer.playSound(SoundPlayer.java:52)
	at saros.ui.sounds.SoundPlayer$1.run(SoundPlayer.java:40)
	at saros.util.ThreadUtils$1.run(ThreadUtils.java:34)
	at java.base/java.lang.Thread.run(Thread.java:834)
ERROR 16:53:26,218 [saros-sound] (SoundPlayer.java:59) could not access sound system
java.lang.IllegalArgumentException: No line matching interface SourceDataLine supporting format PCM_SIGNED 11025.0 Hz, 16 bit, mono, 2 bytes/frame, little-endian is supported.
	at java.desktop/javax.sound.sampled.AudioSystem.getLine(AudioSystem.java:425)
	at saros.misc.sound.SoundPlayer.playSound(SoundPlayer.java:52)
	at saros.ui.sounds.SoundPlayer$1.run(SoundPlayer.java:40)
	at saros.util.ThreadUtils$1.run(ThreadUtils.java:34)
	at java.base/java.lang.Thread.run(Thread.java:834)
ERROR 17:00:31,772 [saros-sound] (SoundPlayer.java:59) could not access sound system
java.lang.IllegalArgumentException: No line matching interface SourceDataLine supporting format PCM_SIGNED 11025.0 Hz, 16 bit, mono, 2 bytes/frame, little-endian is supported.
	at java.desktop/javax.sound.sampled.AudioSystem.getLine(AudioSystem.java:425)
	at saros.misc.sound.SoundPlayer.playSound(SoundPlayer.java:52)
	at saros.ui.sounds.SoundPlayer$1.run(SoundPlayer.java:40)
	at saros.util.ThreadUtils$1.run(ThreadUtils.java:34)
	at java.base/java.lang.Thread.run(Thread.java:834)
ERROR 17:04:02,144 [saros-sound] (SoundPlayer.java:59) could not access sound system
java.lang.IllegalArgumentException: No line matching interface SourceDataLine supporting format PCM_SIGNED 11025.0 Hz, 16 bit, mono, 2 bytes/frame, little-endian is supported.
	at java.desktop/javax.sound.sampled.AudioSystem.getLine(AudioSystem.java:425)
	at saros.misc.sound.SoundPlayer.playSound(SoundPlayer.java:52)
	at saros.ui.sounds.SoundPlayer$1.run(SoundPlayer.java:40)
	at saros.util.ThreadUtils$1.run(ThreadUtils.java:34)
	at java.base/java.lang.Thread.run(Thread.java:834)
ERROR 17:05:23,089 [saros-sound] (SoundPlayer.java:59) could not access sound system
java.lang.IllegalArgumentException: No line matching interface SourceDataLine supporting format PCM_SIGNED 11025.0 Hz, 16 bit, mono, 2 bytes/frame, little-endian is supported.
	at java.desktop/javax.sound.sampled.AudioSystem.getLine(AudioSystem.java:425)
	at saros.misc.sound.SoundPlayer.playSound(SoundPlayer.java:52)
	at saros.ui.sounds.SoundPlayer$1.run(SoundPlayer.java:40)
	at saros.util.ThreadUtils$1.run(ThreadUtils.java:34)
	at java.base/java.lang.Thread.run(Thread.java:834)
ERROR 17:05:38,116 [saros-sound] (SoundPlayer.java:59) could not access sound system
java.lang.IllegalArgumentException: No line matching interface SourceDataLine supporting format PCM_SIGNED 11025.0 Hz, 16 bit, mono, 2 bytes/frame, little-endian is supported.
	at java.desktop/javax.sound.sampled.AudioSystem.getLine(AudioSystem.java:425)
	at saros.misc.sound.SoundPlayer.playSound(SoundPlayer.java:52)
	at saros.ui.sounds.SoundPlayer$1.run(SoundPlayer.java:40)
	at saros.util.ThreadUtils$1.run(ThreadUtils.java:34)
	at java.base/java.lang.Thread.run(Thread.java:834)
ERROR 17:07:26,912 [saros-sound] (SoundPlayer.java:59) could not access sound system
java.lang.IllegalArgumentException: No line matching interface SourceDataLine supporting format PCM_SIGNED 11025.0 Hz, 16 bit, mono, 2 bytes/frame, little-endian is supported.
	at java.desktop/javax.sound.sampled.AudioSystem.getLine(AudioSystem.java:425)
	at saros.misc.sound.SoundPlayer.playSound(SoundPlayer.java:52)
	at saros.ui.sounds.SoundPlayer$1.run(SoundPlayer.java:40)
	at saros.util.ThreadUtils$1.run(ThreadUtils.java:34)
	at java.base/java.lang.Thread.run(Thread.java:834)
ERROR 17:07:43,703 [saros-sound] (SoundPlayer.java:59) could not access sound system
java.lang.IllegalArgumentException: No line matching interface SourceDataLine supporting format PCM_SIGNED 11025.0 Hz, 16 bit, mono, 2 bytes/frame, little-endian is supported.
	at java.desktop/javax.sound.sampled.AudioSystem.getLine(AudioSystem.java:425)
	at saros.misc.sound.SoundPlayer.playSound(SoundPlayer.java:52)
	at saros.ui.sounds.SoundPlayer$1.run(SoundPlayer.java:40)
	at saros.util.ThreadUtils$1.run(ThreadUtils.java:34)
	at java.base/java.lang.Thread.run(Thread.java:834)
ERROR 17:09:15,457 [saros-sound] (SoundPlayer.java:59) could not access sound system
java.lang.IllegalArgumentException: No line matching interface SourceDataLine supporting format PCM_SIGNED 11025.0 Hz, 16 bit, mono, 2 bytes/frame, little-endian is supported.
	at java.desktop/javax.sound.sampled.AudioSystem.getLine(AudioSystem.java:425)
	at saros.misc.sound.SoundPlayer.playSound(SoundPlayer.java:52)
	at saros.ui.sounds.SoundPlayer$1.run(SoundPlayer.java:40)
	at saros.util.ThreadUtils$1.run(ThreadUtils.java:34)
	at java.base/java.lang.Thread.run(Thread.java:834)
ERROR 17:09:49,121 [saros-sound] (SoundPlayer.java:59) could not access sound system
java.lang.IllegalArgumentException: No line matching interface SourceDataLine supporting format PCM_SIGNED 11025.0 Hz, 16 bit, mono, 2 bytes/frame, little-endian is supported.
	at java.desktop/javax.sound.sampled.AudioSystem.getLine(AudioSystem.java:425)
	at saros.misc.sound.SoundPlayer.playSound(SoundPlayer.java:52)
	at saros.ui.sounds.SoundPlayer$1.run(SoundPlayer.java:40)
	at saros.util.ThreadUtils$1.run(ThreadUtils.java:34)
	at java.base/java.lang.Thread.run(Thread.java:834)
