INFO  16:47:56,808 [saros-sound] (SoundPlayer.java:59) Starting Saros 16.0.1 running:
  Java Version: 11.0.8
  Java Vendor: Flathub
  Eclipse Runtime Version: 3.19.0.v20200724-1004
  Operating System: Linux (5.4.0-45-generic)
  Hardware Architecture: amd64
INFO  16:47:56,872 [saros-sound] (SoundPlayer.java:59) initializing context...
INFO  16:47:57,861 [saros-sound] (SoundPlayer.java:59) initializing preference default values
INFO  16:47:57,963 [saros-sound] (SoundPlayer.java:59) successfully initialized context
ERROR 16:48:13,839 [saros-sound] (SoundPlayer.java:59) could not access sound system
java.lang.IllegalArgumentException: No line matching interface SourceDataLine supporting format PCM_SIGNED 11025.0 Hz, 16 bit, mono, 2 bytes/frame, little-endian is supported.
	at java.desktop/javax.sound.sampled.AudioSystem.getLine(AudioSystem.java:425)
	at saros.misc.sound.SoundPlayer.playSound(SoundPlayer.java:52)
	at saros.ui.sounds.SoundPlayer$1.run(SoundPlayer.java:40)
	at saros.util.ThreadUtils$1.run(ThreadUtils.java:34)
	at java.base/java.lang.Thread.run(Thread.java:834)
WARN  16:50:33,050 [Worker-11: Session Startup] (ConsistencyAction.java:172) watchdog client component is not available, cannot perform inconsistency notification
INFO  16:50:33,552 [Worker-11: Session Startup] (SarosSessionManager.java:272) session started
DEBUG 16:50:33,660 [Smack Listener Processor (0)] (MultiUserChatStateManager.java:98) Incoming Message from saros_858919919@conference.saros-con.imp.fu-berlin.de/alexlu07@saros-con.imp.fu-berlin.de/Saros with state: active
INFO  16:50:46,490 [Worker-12: Inviting jonas (jk1452@saros-con.imp.fu-berlin.de)...] (SarosSession.java:354) user jk1452@saros-con.imp.fu-berlin.de/Saros joined session
DEBUG 16:50:46,519 [Smack Listener Processor (0)] (MultiUserChatStateManager.java:98) Incoming Message from saros_858919919@conference.saros-con.imp.fu-berlin.de/jk1452@saros-con.imp.fu-berlin.de/Saros with state: active
INFO  16:50:50,647 [Worker-13: Synchronizing projects] (SarosSession.java:360) user jk1452@saros-con.imp.fu-berlin.de/Saros started queuing projects and can receive IResourceActivities
INFO  16:50:52,662 [Worker-13: Synchronizing projects] (SarosSession.java:389) user jk1452@saros-con.imp.fu-berlin.de/Saros now has Projects and can process IResourceActivities
