INFO  10:21:37,801 [saros-sound] (SoundPlayer.java:59) Starting Saros 16.0.1 running:
  Java Version: 11.0.7
  Java Vendor: Oracle Corporation
  Eclipse Runtime Version: 3.18.0.v20200506-2143
  Operating System: Linux (5.4.0-45-generic)
  Hardware Architecture: amd64
INFO  10:21:37,858 [saros-sound] (SoundPlayer.java:59) initializing context...
INFO  10:21:39,011 [saros-sound] (SoundPlayer.java:59) initializing preference default values
INFO  10:21:39,193 [saros-sound] (SoundPlayer.java:59) successfully initialized context
ERROR 10:21:51,981 [saros-sound] (SoundPlayer.java:59) could not access sound system
java.lang.IllegalArgumentException: No line matching interface SourceDataLine supporting format PCM_SIGNED 11025.0 Hz, 16 bit, mono, 2 bytes/frame, little-endian is supported.
	at java.desktop/javax.sound.sampled.AudioSystem.getLine(AudioSystem.java:425)
	at saros.misc.sound.SoundPlayer.playSound(SoundPlayer.java:52)
	at saros.ui.sounds.SoundPlayer$1.run(SoundPlayer.java:40)
	at saros.util.ThreadUtils$1.run(ThreadUtils.java:34)
	at java.base/java.lang.Thread.run(Thread.java:834)
WARN  10:22:02,966 [Worker-1: Session Startup] (ConsistencyAction.java:172) watchdog client component is not available, cannot perform inconsistency notification
INFO  10:22:03,916 [Worker-1: Session Startup] (SarosSessionManager.java:272) session started
INFO  10:26:35,446 [Worker-1: Inviting jonas (jk1452@saros-con.imp.fu-berlin.de)...] (SarosSession.java:354) user jk1452@saros-con.imp.fu-berlin.de/Saros joined session
INFO  10:26:48,418 [Worker-12: Synchronizing projects] (SarosSession.java:360) user jk1452@saros-con.imp.fu-berlin.de/Saros started queuing projects and can receive IResourceActivities
INFO  10:26:50,448 [Worker-12: Synchronizing projects] (SarosSession.java:389) user jk1452@saros-con.imp.fu-berlin.de/Saros now has Projects and can process IResourceActivities
ERROR 11:38:49,556 [saros-activity-sender] (ActivitySequencer.java:528) failed to sent activities: [ChecksumActivity(path: SPath [project=P/ForceWand (EclipseProjectImpl), projectRelativePath=src/me/misleaded/forceWand/ForceWand.java], hash: 810771568, length: 487, jupiterTimestamp: [55,54]), ChecksumActivity(path: SPath [project=P/ForceWand (EclipseProjectImpl), projectRelativePath=src/me/misleaded/forceWand/commands/Commands.java], hash: -685853889, length: 736, jupiterTimestamp: [55,54])]
java.io.IOException: not connected to jk1452@saros-con.imp.fu-berlin.de/Saros [connection identifier=saros-main-session]
	at saros.net.internal.XMPPTransmitter.send(XMPPTransmitter.java:96)
	at saros.session.internal.ActivitySequencer.sendActivities(ActivitySequencer.java:526)
	at saros.session.internal.ActivitySequencer.access$3(ActivitySequencer.java:461)
	at saros.session.internal.ActivitySequencer$2.run(ActivitySequencer.java:147)
	at saros.util.ThreadUtils$1.run(ThreadUtils.java:34)
	at java.base/java.lang.Thread.run(Thread.java:834)
INFO  11:45:45,466 [saros-kill-user-jk1452-tx] (SarosSession.java:468) user jk1452@saros-con.imp.fu-berlin.de/Saros left session
INFO  11:45:45,631 [saros-StopSession] (SarosSessionManager.java:332) session stopped
WARN  11:45:45,767 [Smack Listener Processor (0)] (SubscriptionHandler.java:128) received error presence package from saros_1221199747@conference.saros-con.imp.fu-berlin.de/alexlu07@saros-con.imp.fu-berlin.de/Saros, condition: item-not-found, message: Conference room does not exist
