ERROR 07:32:09,563 [Smack Packet Reader (0)] (XMPPConnectionService.java:104) XMPP connection error: 
javax.net.ssl.SSLException: Connection reset
	at java.base/sun.security.ssl.Alert.createSSLException(Alert.java:127)
	at java.base/sun.security.ssl.TransportContext.fatal(TransportContext.java:326)
	at java.base/sun.security.ssl.TransportContext.fatal(TransportContext.java:269)
	at java.base/sun.security.ssl.TransportContext.fatal(TransportContext.java:264)
	at java.base/sun.security.ssl.SSLSocketImpl.handleException(SSLSocketImpl.java:1576)
	at java.base/sun.security.ssl.SSLSocketImpl$AppInputStream.read(SSLSocketImpl.java:974)
	at java.base/sun.nio.cs.StreamDecoder.readBytes(StreamDecoder.java:284)
	at java.base/sun.nio.cs.StreamDecoder.implRead(StreamDecoder.java:326)
	at java.base/sun.nio.cs.StreamDecoder.read(StreamDecoder.java:178)
	at java.base/java.io.InputStreamReader.read(InputStreamReader.java:185)
	at java.base/java.io.BufferedReader.fill(BufferedReader.java:161)
	at java.base/java.io.BufferedReader.read1(BufferedReader.java:212)
	at java.base/java.io.BufferedReader.read(BufferedReader.java:287)
	at org.xmlpull.mxp1.MXParser.fillBuf(MXParser.java:2992)
	at org.xmlpull.mxp1.MXParser.more(MXParser.java:3046)
	at org.xmlpull.mxp1.MXParser.nextImpl(MXParser.java:1144)
	at org.xmlpull.mxp1.MXParser.next(MXParser.java:1093)
	at org.jivesoftware.smack.PacketReader.parsePackets(PacketReader.java:312)
	at org.jivesoftware.smack.PacketReader.access$000(PacketReader.java:48)
	at org.jivesoftware.smack.PacketReader$1.run(PacketReader.java:76)
	Suppressed: java.net.SocketException: Broken pipe (Write failed)
		at java.base/java.net.SocketOutputStream.socketWrite0(Native Method)
		at java.base/java.net.SocketOutputStream.socketWrite(SocketOutputStream.java:110)
		at java.base/java.net.SocketOutputStream.write(SocketOutputStream.java:150)
		at java.base/sun.security.ssl.SSLSocketOutputRecord.encodeAlert(SSLSocketOutputRecord.java:81)
		at java.base/sun.security.ssl.TransportContext.fatal(TransportContext.java:357)
		... 18 more
Caused by: java.net.SocketException: Connection reset
	at java.base/java.net.SocketInputStream.read(SocketInputStream.java:186)
	at java.base/java.net.SocketInputStream.read(SocketInputStream.java:140)
	at java.base/sun.security.ssl.SSLSocketInputRecord.read(SSLSocketInputRecord.java:467)
	at java.base/sun.security.ssl.SSLSocketInputRecord.readHeader(SSLSocketInputRecord.java:461)
	at java.base/sun.security.ssl.SSLSocketInputRecord.bytesInCompletePacket(SSLSocketInputRecord.java:70)
	at java.base/sun.security.ssl.SSLSocketImpl.readApplicationRecord(SSLSocketImpl.java:1349)
	at java.base/sun.security.ssl.SSLSocketImpl$AppInputStream.read(SSLSocketImpl.java:958)
	... 14 more
ERROR 07:32:09,572 [Smack Packet Reader (0)] (XMPPConnectionService.java:386)  new connection state == ERROR
javax.net.ssl.SSLException: Connection reset
	at java.base/sun.security.ssl.Alert.createSSLException(Alert.java:127)
	at java.base/sun.security.ssl.TransportContext.fatal(TransportContext.java:326)
	at java.base/sun.security.ssl.TransportContext.fatal(TransportContext.java:269)
	at java.base/sun.security.ssl.TransportContext.fatal(TransportContext.java:264)
	at java.base/sun.security.ssl.SSLSocketImpl.handleException(SSLSocketImpl.java:1576)
	at java.base/sun.security.ssl.SSLSocketImpl$AppInputStream.read(SSLSocketImpl.java:974)
	at java.base/sun.nio.cs.StreamDecoder.readBytes(StreamDecoder.java:284)
	at java.base/sun.nio.cs.StreamDecoder.implRead(StreamDecoder.java:326)
	at java.base/sun.nio.cs.StreamDecoder.read(StreamDecoder.java:178)
	at java.base/java.io.InputStreamReader.read(InputStreamReader.java:185)
	at java.base/java.io.BufferedReader.fill(BufferedReader.java:161)
	at java.base/java.io.BufferedReader.read1(BufferedReader.java:212)
	at java.base/java.io.BufferedReader.read(BufferedReader.java:287)
	at org.xmlpull.mxp1.MXParser.fillBuf(MXParser.java:2992)
	at org.xmlpull.mxp1.MXParser.more(MXParser.java:3046)
	at org.xmlpull.mxp1.MXParser.nextImpl(MXParser.java:1144)
	at org.xmlpull.mxp1.MXParser.next(MXParser.java:1093)
	at org.jivesoftware.smack.PacketReader.parsePackets(PacketReader.java:312)
	at org.jivesoftware.smack.PacketReader.access$000(PacketReader.java:48)
	at org.jivesoftware.smack.PacketReader$1.run(PacketReader.java:76)
	Suppressed: java.net.SocketException: Broken pipe (Write failed)
		at java.base/java.net.SocketOutputStream.socketWrite0(Native Method)
		at java.base/java.net.SocketOutputStream.socketWrite(SocketOutputStream.java:110)
		at java.base/java.net.SocketOutputStream.write(SocketOutputStream.java:150)
		at java.base/sun.security.ssl.SSLSocketOutputRecord.encodeAlert(SSLSocketOutputRecord.java:81)
		at java.base/sun.security.ssl.TransportContext.fatal(TransportContext.java:357)
		... 18 more
Caused by: java.net.SocketException: Connection reset
	at java.base/java.net.SocketInputStream.read(SocketInputStream.java:186)
	at java.base/java.net.SocketInputStream.read(SocketInputStream.java:140)
	at java.base/sun.security.ssl.SSLSocketInputRecord.read(SSLSocketInputRecord.java:467)
	at java.base/sun.security.ssl.SSLSocketInputRecord.readHeader(SSLSocketInputRecord.java:461)
	at java.base/sun.security.ssl.SSLSocketInputRecord.bytesInCompletePacket(SSLSocketInputRecord.java:70)
	at java.base/sun.security.ssl.SSLSocketImpl.readApplicationRecord(SSLSocketImpl.java:1349)
	at java.base/sun.security.ssl.SSLSocketImpl$AppInputStream.read(SSLSocketImpl.java:958)
	... 14 more
ERROR 18:46:42,205 [saros-sound] (SoundPlayer.java:59) could not access sound system
java.lang.IllegalArgumentException: No line matching interface SourceDataLine supporting format PCM_SIGNED 11025.0 Hz, 16 bit, mono, 2 bytes/frame, little-endian is supported.
	at java.desktop/javax.sound.sampled.AudioSystem.getLine(AudioSystem.java:425)
	at saros.misc.sound.SoundPlayer.playSound(SoundPlayer.java:52)
	at saros.ui.sounds.SoundPlayer$1.run(SoundPlayer.java:40)
	at saros.util.ThreadUtils$1.run(ThreadUtils.java:34)
	at java.base/java.lang.Thread.run(Thread.java:834)
WARN  18:46:56,043 [Worker-35: Session Startup] (ConsistencyAction.java:172) watchdog client component is not available, cannot perform inconsistency notification
WARN  18:46:56,409 [main] (EditorAPI.java:638) Viewport Range Problem in org.eclipse.jdt.internal.ui.javaeditor.CompilationUnitEditor$AdaptedSourceViewer@58e48dd1: Bottom == 3 < Top == 14
ERROR 08:03:33,556 [saros-activity-sender] (ActivitySequencer.java:528) failed to sent activities: [ChecksumActivity(path: SPath [project=P/ExplosiveWand (EclipseProjectImpl), projectRelativePath=src/plugin/explosiveWand/customEntities/CustomFallingBlock.java], hash: 1913891702, length: 2310, jupiterTimestamp: [246,243]), ChecksumActivity(path: SPath [project=P/ExplosiveWand (EclipseProjectImpl), projectRelativePath=src/plugin/explosiveWand/customEntities/CustomZombie.java], hash: 828507979, length: 1518, jupiterTimestamp: [246,243]), ChecksumActivity(path: SPath [project=P/ExplosiveWand (EclipseProjectImpl), projectRelativePath=src/plugin/explosiveWand/commands/Commands.java], hash: 1808904325, length: 737, jupiterTimestamp: [246,243]), ChecksumActivity(path: SPath [project=P/ExplosiveWand (EclipseProjectImpl), projectRelativePath=src/plugin/explosiveWand/events/Events.java], hash: 1355300423, length: 3223, jupiterTimestamp: [246,243])]
java.io.IOException: not connected to jk1452@saros-con.imp.fu-berlin.de/Saros [connection identifier=saros-main-session]
	at saros.net.internal.XMPPTransmitter.send(XMPPTransmitter.java:96)
	at saros.session.internal.ActivitySequencer.sendActivities(ActivitySequencer.java:526)
	at saros.session.internal.ActivitySequencer.access$3(ActivitySequencer.java:461)
	at saros.session.internal.ActivitySequencer$2.run(ActivitySequencer.java:147)
	at saros.util.ThreadUtils$1.run(ThreadUtils.java:34)
	at java.base/java.lang.Thread.run(Thread.java:834)
ERROR 08:03:38,517 [Smack Packet Reader (1)] (XMPPConnectionService.java:104) XMPP connection error: 
javax.net.ssl.SSLException: Connection reset
	at java.base/sun.security.ssl.Alert.createSSLException(Alert.java:127)
	at java.base/sun.security.ssl.TransportContext.fatal(TransportContext.java:326)
	at java.base/sun.security.ssl.TransportContext.fatal(TransportContext.java:269)
	at java.base/sun.security.ssl.TransportContext.fatal(TransportContext.java:264)
	at java.base/sun.security.ssl.SSLSocketImpl.handleException(SSLSocketImpl.java:1576)
	at java.base/sun.security.ssl.SSLSocketImpl$AppInputStream.read(SSLSocketImpl.java:974)
	at java.base/sun.nio.cs.StreamDecoder.readBytes(StreamDecoder.java:284)
	at java.base/sun.nio.cs.StreamDecoder.implRead(StreamDecoder.java:326)
	at java.base/sun.nio.cs.StreamDecoder.read(StreamDecoder.java:178)
	at java.base/java.io.InputStreamReader.read(InputStreamReader.java:185)
	at java.base/java.io.BufferedReader.fill(BufferedReader.java:161)
	at java.base/java.io.BufferedReader.read1(BufferedReader.java:212)
	at java.base/java.io.BufferedReader.read(BufferedReader.java:287)
	at org.xmlpull.mxp1.MXParser.fillBuf(MXParser.java:2992)
	at org.xmlpull.mxp1.MXParser.more(MXParser.java:3046)
	at org.xmlpull.mxp1.MXParser.nextImpl(MXParser.java:1144)
	at org.xmlpull.mxp1.MXParser.next(MXParser.java:1093)
	at org.jivesoftware.smack.PacketReader.parsePackets(PacketReader.java:312)
	at org.jivesoftware.smack.PacketReader.access$000(PacketReader.java:48)
	at org.jivesoftware.smack.PacketReader$1.run(PacketReader.java:76)
	Suppressed: java.net.SocketException: Broken pipe (Write failed)
		at java.base/java.net.SocketOutputStream.socketWrite0(Native Method)
		at java.base/java.net.SocketOutputStream.socketWrite(SocketOutputStream.java:110)
		at java.base/java.net.SocketOutputStream.write(SocketOutputStream.java:150)
		at java.base/sun.security.ssl.SSLSocketOutputRecord.encodeAlert(SSLSocketOutputRecord.java:81)
		at java.base/sun.security.ssl.TransportContext.fatal(TransportContext.java:357)
		... 18 more
Caused by: java.net.SocketException: Connection reset
	at java.base/java.net.SocketInputStream.read(SocketInputStream.java:186)
	at java.base/java.net.SocketInputStream.read(SocketInputStream.java:140)
	at java.base/sun.security.ssl.SSLSocketInputRecord.read(SSLSocketInputRecord.java:467)
	at java.base/sun.security.ssl.SSLSocketInputRecord.readHeader(SSLSocketInputRecord.java:461)
	at java.base/sun.security.ssl.SSLSocketInputRecord.bytesInCompletePacket(SSLSocketInputRecord.java:70)
	at java.base/sun.security.ssl.SSLSocketImpl.readApplicationRecord(SSLSocketImpl.java:1349)
	at java.base/sun.security.ssl.SSLSocketImpl$AppInputStream.read(SSLSocketImpl.java:958)
	... 14 more
ERROR 08:03:38,519 [Smack Packet Reader (1)] (XMPPConnectionService.java:386)  new connection state == ERROR
javax.net.ssl.SSLException: Connection reset
	at java.base/sun.security.ssl.Alert.createSSLException(Alert.java:127)
	at java.base/sun.security.ssl.TransportContext.fatal(TransportContext.java:326)
	at java.base/sun.security.ssl.TransportContext.fatal(TransportContext.java:269)
	at java.base/sun.security.ssl.TransportContext.fatal(TransportContext.java:264)
	at java.base/sun.security.ssl.SSLSocketImpl.handleException(SSLSocketImpl.java:1576)
	at java.base/sun.security.ssl.SSLSocketImpl$AppInputStream.read(SSLSocketImpl.java:974)
	at java.base/sun.nio.cs.StreamDecoder.readBytes(StreamDecoder.java:284)
	at java.base/sun.nio.cs.StreamDecoder.implRead(StreamDecoder.java:326)
	at java.base/sun.nio.cs.StreamDecoder.read(StreamDecoder.java:178)
	at java.base/java.io.InputStreamReader.read(InputStreamReader.java:185)
	at java.base/java.io.BufferedReader.fill(BufferedReader.java:161)
	at java.base/java.io.BufferedReader.read1(BufferedReader.java:212)
	at java.base/java.io.BufferedReader.read(BufferedReader.java:287)
	at org.xmlpull.mxp1.MXParser.fillBuf(MXParser.java:2992)
	at org.xmlpull.mxp1.MXParser.more(MXParser.java:3046)
	at org.xmlpull.mxp1.MXParser.nextImpl(MXParser.java:1144)
	at org.xmlpull.mxp1.MXParser.next(MXParser.java:1093)
	at org.jivesoftware.smack.PacketReader.parsePackets(PacketReader.java:312)
	at org.jivesoftware.smack.PacketReader.access$000(PacketReader.java:48)
	at org.jivesoftware.smack.PacketReader$1.run(PacketReader.java:76)
	Suppressed: java.net.SocketException: Broken pipe (Write failed)
		at java.base/java.net.SocketOutputStream.socketWrite0(Native Method)
		at java.base/java.net.SocketOutputStream.socketWrite(SocketOutputStream.java:110)
		at java.base/java.net.SocketOutputStream.write(SocketOutputStream.java:150)
		at java.base/sun.security.ssl.SSLSocketOutputRecord.encodeAlert(SSLSocketOutputRecord.java:81)
		at java.base/sun.security.ssl.TransportContext.fatal(TransportContext.java:357)
		... 18 more
Caused by: java.net.SocketException: Connection reset
	at java.base/java.net.SocketInputStream.read(SocketInputStream.java:186)
	at java.base/java.net.SocketInputStream.read(SocketInputStream.java:140)
	at java.base/sun.security.ssl.SSLSocketInputRecord.read(SSLSocketInputRecord.java:467)
	at java.base/sun.security.ssl.SSLSocketInputRecord.readHeader(SSLSocketInputRecord.java:461)
	at java.base/sun.security.ssl.SSLSocketInputRecord.bytesInCompletePacket(SSLSocketInputRecord.java:70)
	at java.base/sun.security.ssl.SSLSocketImpl.readApplicationRecord(SSLSocketImpl.java:1349)
	at java.base/sun.security.ssl.SSLSocketImpl$AppInputStream.read(SSLSocketImpl.java:958)
	... 14 more
ERROR 08:03:38,635 [saros-sound] (SoundPlayer.java:59) could not access sound system
java.lang.IllegalArgumentException: No line matching interface SourceDataLine supporting format PCM_SIGNED 11025.0 Hz, 16 bit, mono, 2 bytes/frame, little-endian is supported.
	at java.desktop/javax.sound.sampled.AudioSystem.getLine(AudioSystem.java:425)
	at saros.misc.sound.SoundPlayer.playSound(SoundPlayer.java:52)
	at saros.ui.sounds.SoundPlayer$1.run(SoundPlayer.java:40)
	at saros.util.ThreadUtils$1.run(ThreadUtils.java:34)
	at java.base/java.lang.Thread.run(Thread.java:834)
WARN  08:03:53,338 [main] (MultiUserChat.java:194) could not leave or destroy room: SAROS_914054644@conference.saros-con.imp.fu-berlin.de
java.lang.IllegalStateException: Not connected to server.
	at org.jivesoftware.smack.XMPPConnection.sendPacket(XMPPConnection.java:483)
	at org.jivesoftware.smackx.muc.MultiUserChat.leave(MultiUserChat.java:548)
	at saros.communication.chat.muc.MultiUserChat.disconnect(MultiUserChat.java:192)
	at saros.communication.chat.muc.MultiUserChatService.destroyChat(MultiUserChatService.java:132)
	at saros.ui.widgets.chat.ChatRoomsComposite$3$3.run(ChatRoomsComposite.java:250)
	at saros.util.ThreadUtils$1.run(ThreadUtils.java:34)
	at org.eclipse.swt.widgets.RunnableLock.run(RunnableLock.java:40)
	at org.eclipse.swt.widgets.Synchronizer.runAsyncMessages(Synchronizer.java:185)
	at org.eclipse.swt.widgets.Display.runAsyncMessages(Display.java:4988)
	at org.eclipse.swt.widgets.Display.readAndDispatch(Display.java:4510)
	at org.eclipse.e4.ui.internal.workbench.swt.PartRenderingEngine$5.run(PartRenderingEngine.java:1157)
	at org.eclipse.core.databinding.observable.Realm.runWithDefault(Realm.java:338)
	at org.eclipse.e4.ui.internal.workbench.swt.PartRenderingEngine.run(PartRenderingEngine.java:1046)
	at org.eclipse.e4.ui.internal.workbench.E4Workbench.createAndRunUI(E4Workbench.java:155)
	at org.eclipse.ui.internal.Workbench.lambda$3(Workbench.java:644)
	at org.eclipse.core.databinding.observable.Realm.runWithDefault(Realm.java:338)
	at org.eclipse.ui.internal.Workbench.createAndRunWorkbench(Workbench.java:551)
	at org.eclipse.ui.PlatformUI.createAndRunWorkbench(PlatformUI.java:153)
	at org.eclipse.ui.internal.ide.application.IDEApplication.start(IDEApplication.java:150)
	at org.eclipse.equinox.internal.app.EclipseAppHandle.run(EclipseAppHandle.java:203)
	at org.eclipse.core.runtime.internal.adaptor.EclipseAppLauncher.runApplication(EclipseAppLauncher.java:134)
	at org.eclipse.core.runtime.internal.adaptor.EclipseAppLauncher.start(EclipseAppLauncher.java:104)
	at org.eclipse.core.runtime.adaptor.EclipseStarter.run(EclipseStarter.java:401)
	at org.eclipse.core.runtime.adaptor.EclipseStarter.run(EclipseStarter.java:255)
	at java.base/jdk.internal.reflect.NativeMethodAccessorImpl.invoke0(Native Method)
	at java.base/jdk.internal.reflect.NativeMethodAccessorImpl.invoke(NativeMethodAccessorImpl.java:62)
	at java.base/jdk.internal.reflect.DelegatingMethodAccessorImpl.invoke(DelegatingMethodAccessorImpl.java:43)
	at java.base/java.lang.reflect.Method.invoke(Method.java:566)
	at org.eclipse.equinox.launcher.Main.invokeFramework(Main.java:657)
	at org.eclipse.equinox.launcher.Main.basicRun(Main.java:594)
	at org.eclipse.equinox.launcher.Main.run(Main.java:1465)
	at org.eclipse.equinox.launcher.Main.main(Main.java:1438)
