INFO  10:49:17,413 [saros-sound] (SoundPlayer.java:59) Starting Saros 16.0.1 running:
  Java Version: 11.0.7
  Java Vendor: Oracle Corporation
  Eclipse Runtime Version: 3.18.0.v20200506-2143
  Operating System: Linux (5.4.0-45-generic)
  Hardware Architecture: amd64
INFO  10:49:17,469 [saros-sound] (SoundPlayer.java:59) initializing context...
INFO  10:49:18,129 [saros-sound] (SoundPlayer.java:59) initializing preference default values
INFO  10:49:18,204 [saros-sound] (SoundPlayer.java:59) successfully initialized context
ERROR 10:53:52,225 [saros-sound] (SoundPlayer.java:59) could not access sound system
java.lang.IllegalArgumentException: No line matching interface SourceDataLine supporting format PCM_SIGNED 11025.0 Hz, 16 bit, mono, 2 bytes/frame, little-endian is supported.
	at java.desktop/javax.sound.sampled.AudioSystem.getLine(AudioSystem.java:425)
	at saros.misc.sound.SoundPlayer.playSound(SoundPlayer.java:52)
	at saros.ui.sounds.SoundPlayer$1.run(SoundPlayer.java:40)
	at saros.util.ThreadUtils$1.run(ThreadUtils.java:34)
	at java.base/java.lang.Thread.run(Thread.java:834)
INFO  10:54:02,520 [saros-DispatchContext] (NegotiationPacketListener.java:227) received invitation from jk1452@saros-con.imp.fu-berlin.de/Saros [negotiation id: -4744951226078093069, session id: 305268032, version: 16.0.1]
INFO  10:54:06,195 [ModalContext] (SarosSessionManager.java:288) joined uninitialized Saros session
INFO  10:54:06,196 [ModalContext] (DataTransferManager.java:269) establishing connection to jk1452@saros-con.imp.fu-berlin.de/Saros from alexlu07@saros-con.imp.fu-berlin.de/Saros using stream service XMPP-Socks5-Stream-Service
DEBUG 10:54:15,981 [Smack Listener Processor (0)] (MultiUserChatStateManager.java:98) Incoming Message from saros_305268032@conference.saros-con.imp.fu-berlin.de/jk1452@saros-con.imp.fu-berlin.de/Saros with state: active
DEBUG 10:54:16,088 [Smack Listener Processor (0)] (MultiUserChatStateManager.java:98) Incoming Message from saros_305268032@conference.saros-con.imp.fu-berlin.de/alexlu07@saros-con.imp.fu-berlin.de/Saros with state: active
INFO  10:54:16,375 [saros-DispatchContext] (NegotiationPacketListener.java:310) received project negotiation from jk1452@saros-con.imp.fu-berlin.de/Saros with negotiation id: -118570727090511459
INFO  10:54:31,430 [saros-DispatchContext] (SarosSession.java:389) user jk1452@saros-con.imp.fu-berlin.de/Saros now has Projects and can process IResourceActivities
WARN  13:46:27,704 [main] (TextEditActivity.java:312) NoOp Text edit: new '' old ''
ERROR 14:13:02,578 [saros-client-network-watchdog] (ClientSessionTimeoutHandler.java:77) no ping received, reached timeout = 300000
INFO  14:13:02,599 [saros-kill-session-rx] (SarosSessionManager.java:332) session stopped
WARN  17:15:52,891 [Worker-98: Session Startup] (ConsistencyAction.java:172) watchdog client component is not available, cannot perform inconsistency notification
INFO  17:15:52,909 [Worker-98: Session Startup] (SarosSessionManager.java:272) session started
DEBUG 17:15:53,468 [Smack Listener Processor (0)] (MultiUserChatStateManager.java:98) Incoming Message from saros_311325945@conference.saros-con.imp.fu-berlin.de/alexlu07@saros-con.imp.fu-berlin.de/Saros with state: active
INFO  17:15:59,084 [saros-StopSession] (SarosSessionManager.java:332) session stopped
WARN  17:16:06,657 [Worker-98: Session Startup] (ConsistencyAction.java:172) watchdog client component is not available, cannot perform inconsistency notification
INFO  17:16:06,726 [Worker-98: Session Startup] (SarosSessionManager.java:272) session started
ERROR 17:17:06,743 [Worker-103: Inviting jonas (jk1452@saros-con.imp.fu-berlin.de)...] (Negotiation.java:438) canceled negotiation OSN [remote side: jk1452@saros-con.imp.fu-berlin.de/Saros], error: Received no negotiation acknowledgement from jk1452@saros-con.imp.fu-berlin.de/Saros.
ERROR 17:18:23,499 [saros-sound] (SoundPlayer.java:59) could not access sound system
java.lang.IllegalArgumentException: No line matching interface SourceDataLine supporting format PCM_SIGNED 11025.0 Hz, 16 bit, mono, 2 bytes/frame, little-endian is supported.
	at java.desktop/javax.sound.sampled.AudioSystem.getLine(AudioSystem.java:425)
	at saros.misc.sound.SoundPlayer.playSound(SoundPlayer.java:52)
	at saros.ui.sounds.SoundPlayer$1.run(SoundPlayer.java:40)
	at saros.util.ThreadUtils$1.run(ThreadUtils.java:34)
	at java.base/java.lang.Thread.run(Thread.java:834)
ERROR 17:18:23,679 [saros-sound] (SoundPlayer.java:59) could not access sound system
java.lang.IllegalArgumentException: No line matching interface SourceDataLine supporting format PCM_SIGNED 11025.0 Hz, 16 bit, mono, 2 bytes/frame, little-endian is supported.
	at java.desktop/javax.sound.sampled.AudioSystem.getLine(AudioSystem.java:425)
	at saros.misc.sound.SoundPlayer.playSound(SoundPlayer.java:52)
	at saros.ui.sounds.SoundPlayer$1.run(SoundPlayer.java:40)
	at saros.util.ThreadUtils$1.run(ThreadUtils.java:34)
	at java.base/java.lang.Thread.run(Thread.java:834)
ERROR 17:18:41,156 [saros-sound] (SoundPlayer.java:59) could not access sound system
java.lang.IllegalArgumentException: No line matching interface SourceDataLine supporting format PCM_SIGNED 11025.0 Hz, 16 bit, mono, 2 bytes/frame, little-endian is supported.
	at java.desktop/javax.sound.sampled.AudioSystem.getLine(AudioSystem.java:425)
	at saros.misc.sound.SoundPlayer.playSound(SoundPlayer.java:52)
	at saros.ui.sounds.SoundPlayer$1.run(SoundPlayer.java:40)
	at saros.util.ThreadUtils$1.run(ThreadUtils.java:34)
	at java.base/java.lang.Thread.run(Thread.java:834)
ERROR 17:18:44,381 [saros-sound] (SoundPlayer.java:59) could not access sound system
java.lang.IllegalArgumentException: No line matching interface SourceDataLine supporting format PCM_SIGNED 11025.0 Hz, 16 bit, mono, 2 bytes/frame, little-endian is supported.
	at java.desktop/javax.sound.sampled.AudioSystem.getLine(AudioSystem.java:425)
	at saros.misc.sound.SoundPlayer.playSound(SoundPlayer.java:52)
	at saros.ui.sounds.SoundPlayer$1.run(SoundPlayer.java:40)
	at saros.util.ThreadUtils$1.run(ThreadUtils.java:34)
	at java.base/java.lang.Thread.run(Thread.java:834)
INFO  17:19:01,352 [saros-StopSession] (SarosSessionManager.java:332) session stopped
WARN  17:19:01,458 [Smack Listener Processor (0)] (SubscriptionHandler.java:128) received error presence package from saros_1922004924@conference.saros-con.imp.fu-berlin.de/alexlu07@saros-con.imp.fu-berlin.de/Saros, condition: item-not-found, message: Conference room does not exist
WARN  17:19:08,709 [Worker-105: Session Startup] (ConsistencyAction.java:172) watchdog client component is not available, cannot perform inconsistency notification
INFO  17:19:08,789 [Worker-105: Session Startup] (SarosSessionManager.java:272) session started
INFO  17:20:02,091 [saros-StopSession] (SarosSessionManager.java:332) session stopped
WARN  17:20:02,287 [Smack Listener Processor (0)] (SubscriptionHandler.java:128) received error presence package from saros_51258196@conference.saros-con.imp.fu-berlin.de/alexlu07@saros-con.imp.fu-berlin.de/Saros, condition: item-not-found, message: Conference room does not exist
WARN  17:20:08,812 [Worker-106: Session Startup] (ConsistencyAction.java:172) watchdog client component is not available, cannot perform inconsistency notification
INFO  17:20:08,883 [Worker-106: Session Startup] (SarosSessionManager.java:272) session started
INFO  17:20:30,766 [Worker-103: Inviting jonas (jk1452@saros-con.imp.fu-berlin.de)...] (SarosSession.java:354) user jk1452@saros-con.imp.fu-berlin.de/Saros joined session
INFO  17:20:43,758 [Worker-106: Synchronizing projects] (SarosSession.java:360) user jk1452@saros-con.imp.fu-berlin.de/Saros started queuing projects and can receive IResourceActivities
INFO  17:20:45,770 [Worker-106: Synchronizing projects] (SarosSession.java:389) user jk1452@saros-con.imp.fu-berlin.de/Saros now has Projects and can process IResourceActivities
INFO  17:23:52,404 [main] (SarosSession.java:275) user jk1452@saros-con.imp.fu-berlin.de/Saros permission changed: READONLY_ACCESS
ERROR 20:26:12,993 [saros-activity-sender] (ActivitySequencer.java:528) failed to sent activities: [ChecksumActivity(path: SPath [project=P/ExplosiveWand (EclipseProjectImpl), projectRelativePath=src/plugin/explosiveWand/commands/Commands.java], hash: 1808904325, length: 737, jupiterTimestamp: [58,59]), ChecksumActivity(path: SPath [project=P/ExplosiveWand (EclipseProjectImpl), projectRelativePath=src/plugin/explosiveWand/events/Events.java], hash: 1278655938, length: 2319, jupiterTimestamp: [58,59]), ChecksumActivity(path: SPath [project=P/ExplosiveWand (EclipseProjectImpl), projectRelativePath=src/plugin/explosiveWand/items/Wand.java], hash: -797691286, length: 891, jupiterTimestamp: [58,59])]
java.io.IOException: not connected to jk1452@saros-con.imp.fu-berlin.de/Saros [connection identifier=saros-main-session]
	at saros.net.internal.XMPPTransmitter.send(XMPPTransmitter.java:96)
	at saros.session.internal.ActivitySequencer.sendActivities(ActivitySequencer.java:526)
	at saros.session.internal.ActivitySequencer.access$3(ActivitySequencer.java:461)
	at saros.session.internal.ActivitySequencer$2.run(ActivitySequencer.java:147)
	at saros.util.ThreadUtils$1.run(ThreadUtils.java:34)
	at java.base/java.lang.Thread.run(Thread.java:834)
INFO  20:26:33,477 [saros-kill-user-jk1452-tx] (SarosSession.java:468) user jk1452@saros-con.imp.fu-berlin.de/Saros left session
INFO  20:26:33,544 [saros-StopSession] (SarosSessionManager.java:332) session stopped
WARN  20:26:33,657 [Smack Listener Processor (0)] (SubscriptionHandler.java:128) received error presence package from saros_441375097@conference.saros-con.imp.fu-berlin.de/alexlu07@saros-con.imp.fu-berlin.de/Saros, condition: item-not-found, message: Conference room does not exist
ERROR 21:20:15,118 [Smack Packet Reader (0)] (XMPPConnectionService.java:104) XMPP connection error: 
javax.net.ssl.SSLException: Connection reset
	at java.base/sun.security.ssl.Alert.createSSLException(Alert.java:127)
	at java.base/sun.security.ssl.TransportContext.fatal(TransportContext.java:326)
	at java.base/sun.security.ssl.TransportContext.fatal(TransportContext.java:269)
	at java.base/sun.security.ssl.TransportContext.fatal(TransportContext.java:264)
	at java.base/sun.security.ssl.SSLSocketImpl.handleException(SSLSocketImpl.java:1306)
	at java.base/sun.security.ssl.SSLSocketImpl$AppInputStream.read(SSLSocketImpl.java:832)
	at java.base/sun.nio.cs.StreamDecoder.readBytes(StreamDecoder.java:284)
	at java.base/sun.nio.cs.StreamDecoder.implRead(StreamDecoder.java:326)
	at java.base/sun.nio.cs.StreamDecoder.read(StreamDecoder.java:178)
	at java.base/java.io.InputStreamReader.read(InputStreamReader.java:185)
	at java.base/java.io.BufferedReader.fill(BufferedReader.java:161)
	at java.base/java.io.BufferedReader.read1(BufferedReader.java:212)
	at java.base/java.io.BufferedReader.read(BufferedReader.java:287)
	at org.xmlpull.mxp1.MXParser.fillBuf(MXParser.java:2992)
	at org.xmlpull.mxp1.MXParser.more(MXParser.java:3046)
	at org.xmlpull.mxp1.MXParser.nextImpl(MXParser.java:1144)
	at org.xmlpull.mxp1.MXParser.next(MXParser.java:1093)
	at org.jivesoftware.smack.PacketReader.parsePackets(PacketReader.java:312)
	at org.jivesoftware.smack.PacketReader.access$000(PacketReader.java:48)
	at org.jivesoftware.smack.PacketReader$1.run(PacketReader.java:76)
	Suppressed: java.net.SocketException: Broken pipe (Write failed)
		at java.base/java.net.SocketOutputStream.socketWrite0(Native Method)
		at java.base/java.net.SocketOutputStream.socketWrite(SocketOutputStream.java:110)
		at java.base/java.net.SocketOutputStream.write(SocketOutputStream.java:150)
		at java.base/sun.security.ssl.SSLSocketOutputRecord.encodeAlert(SSLSocketOutputRecord.java:81)
		at java.base/sun.security.ssl.TransportContext.fatal(TransportContext.java:357)
		... 18 more
Caused by: java.net.SocketException: Connection reset
	at java.base/java.net.SocketInputStream.read(SocketInputStream.java:186)
	at java.base/java.net.SocketInputStream.read(SocketInputStream.java:140)
	at java.base/sun.security.ssl.SSLSocketInputRecord.read(SSLSocketInputRecord.java:448)
	at java.base/sun.security.ssl.SSLSocketInputRecord.bytesInCompletePacket(SSLSocketInputRecord.java:68)
	at java.base/sun.security.ssl.SSLSocketImpl.readApplicationRecord(SSLSocketImpl.java:1096)
	at java.base/sun.security.ssl.SSLSocketImpl$AppInputStream.read(SSLSocketImpl.java:816)
	... 14 more
ERROR 21:20:15,119 [Smack Packet Reader (0)] (XMPPConnectionService.java:386)  new connection state == ERROR
javax.net.ssl.SSLException: Connection reset
	at java.base/sun.security.ssl.Alert.createSSLException(Alert.java:127)
	at java.base/sun.security.ssl.TransportContext.fatal(TransportContext.java:326)
	at java.base/sun.security.ssl.TransportContext.fatal(TransportContext.java:269)
	at java.base/sun.security.ssl.TransportContext.fatal(TransportContext.java:264)
	at java.base/sun.security.ssl.SSLSocketImpl.handleException(SSLSocketImpl.java:1306)
	at java.base/sun.security.ssl.SSLSocketImpl$AppInputStream.read(SSLSocketImpl.java:832)
	at java.base/sun.nio.cs.StreamDecoder.readBytes(StreamDecoder.java:284)
	at java.base/sun.nio.cs.StreamDecoder.implRead(StreamDecoder.java:326)
	at java.base/sun.nio.cs.StreamDecoder.read(StreamDecoder.java:178)
	at java.base/java.io.InputStreamReader.read(InputStreamReader.java:185)
	at java.base/java.io.BufferedReader.fill(BufferedReader.java:161)
	at java.base/java.io.BufferedReader.read1(BufferedReader.java:212)
	at java.base/java.io.BufferedReader.read(BufferedReader.java:287)
	at org.xmlpull.mxp1.MXParser.fillBuf(MXParser.java:2992)
	at org.xmlpull.mxp1.MXParser.more(MXParser.java:3046)
	at org.xmlpull.mxp1.MXParser.nextImpl(MXParser.java:1144)
	at org.xmlpull.mxp1.MXParser.next(MXParser.java:1093)
	at org.jivesoftware.smack.PacketReader.parsePackets(PacketReader.java:312)
	at org.jivesoftware.smack.PacketReader.access$000(PacketReader.java:48)
	at org.jivesoftware.smack.PacketReader$1.run(PacketReader.java:76)
	Suppressed: java.net.SocketException: Broken pipe (Write failed)
		at java.base/java.net.SocketOutputStream.socketWrite0(Native Method)
		at java.base/java.net.SocketOutputStream.socketWrite(SocketOutputStream.java:110)
		at java.base/java.net.SocketOutputStream.write(SocketOutputStream.java:150)
		at java.base/sun.security.ssl.SSLSocketOutputRecord.encodeAlert(SSLSocketOutputRecord.java:81)
		at java.base/sun.security.ssl.TransportContext.fatal(TransportContext.java:357)
		... 18 more
Caused by: java.net.SocketException: Connection reset
	at java.base/java.net.SocketInputStream.read(SocketInputStream.java:186)
	at java.base/java.net.SocketInputStream.read(SocketInputStream.java:140)
	at java.base/sun.security.ssl.SSLSocketInputRecord.read(SSLSocketInputRecord.java:448)
	at java.base/sun.security.ssl.SSLSocketInputRecord.bytesInCompletePacket(SSLSocketInputRecord.java:68)
	at java.base/sun.security.ssl.SSLSocketImpl.readApplicationRecord(SSLSocketImpl.java:1096)
	at java.base/sun.security.ssl.SSLSocketImpl$AppInputStream.read(SSLSocketImpl.java:816)
	... 14 more
ERROR 21:20:15,302 [saros-sound] (SoundPlayer.java:59) could not access sound system
java.lang.IllegalArgumentException: No line matching interface SourceDataLine supporting format PCM_SIGNED 11025.0 Hz, 16 bit, mono, 2 bytes/frame, little-endian is supported.
	at java.desktop/javax.sound.sampled.AudioSystem.getLine(AudioSystem.java:425)
	at saros.misc.sound.SoundPlayer.playSound(SoundPlayer.java:52)
	at saros.ui.sounds.SoundPlayer$1.run(SoundPlayer.java:40)
	at saros.util.ThreadUtils$1.run(ThreadUtils.java:34)
	at java.base/java.lang.Thread.run(Thread.java:834)
